2016-07-27 23:26:29,239 [Worker-12] INFO  o.e.m.c.i.l.LifecycleMappingFactory - Using org.eclipse.m2e.jdt.JarLifecycleMapping lifecycle mapping for MavenProject: com.mobile:com.mobile:0.0.1-SNAPSHOT @ /Users/bbheemanadham/mobileautomation/com.mobile/pom.xml.
2016-07-27 23:26:29,724 [Worker-12] INFO  o.e.m.j.i.AbstractJavaProjectConfigurator - Adding source folder /com.mobile/src/main/java
2016-07-27 23:26:29,726 [Worker-12] INFO  o.e.m.j.i.AbstractJavaProjectConfigurator - Adding resource folder /com.mobile/src/main/resources
2016-07-27 23:26:29,727 [Worker-12] INFO  o.e.m.j.i.AbstractJavaProjectConfigurator - Adding source folder /com.mobile/src/test/java
2016-07-27 23:26:29,727 [Worker-12] INFO  o.e.m.j.i.AbstractJavaProjectConfigurator - Adding resource folder /com.mobile/src/test/resources
2016-07-27 23:26:32,388 [Worker-6] WARN  o.e.m.c.i.embedder.EclipseLogger - Using platform encoding (UTF-8 actually) to copy filtered resources, i.e. build is platform dependent!
2016-07-27 23:26:32,400 [Worker-6] INFO  o.e.m.c.i.embedder.EclipseLogger - Copying 0 resource
2016-07-27 23:26:32,402 [Worker-6] WARN  o.e.m.c.i.embedder.EclipseLogger - Using platform encoding (UTF-8 actually) to copy filtered resources, i.e. build is platform dependent!
2016-07-27 23:26:32,402 [Worker-6] INFO  o.e.m.c.i.embedder.EclipseLogger - Copying 0 resource
2016-07-27 23:27:59,930 [Worker-6] INFO  o.e.m.c.i.l.LifecycleMappingFactory - Using org.eclipse.m2e.jdt.JarLifecycleMapping lifecycle mapping for MavenProject: com.mobile:com.mobile:0.0.1-SNAPSHOT @ /Users/bbheemanadham/mobileautomation/com.mobile/pom.xml.
2016-07-27 23:28:00,155 [Worker-6] INFO  o.e.m.c.i.e.AbstractTransferListenerAdapter - Downloaded http://repository/assetrepository/releases/io/appium/java-client/2.1.0/java-client-2.1.0.pom
2016-07-27 23:28:00,158 [Worker-6] INFO  o.e.m.c.i.e.AbstractTransferListenerAdapter - Downloaded http://repository/assetrepository/s/io/appium/java-client/2.1.0/java-client-2.1.0.pom
2016-07-27 23:28:00,255 [Worker-6] INFO  o.e.m.c.i.e.AbstractTransferListenerAdapter - Downloaded http://nexus.paypal.com/nexus/content/groups/public-all/io/appium/java-client/2.1.0/java-client-2.1.0.pom
2016-07-27 23:28:00,257 [Worker-6] INFO  o.e.m.c.i.e.AbstractTransferListenerAdapter - Downloaded http://nexus.paypal.com/nexus/content/groups/Public_Snapshot_Repositories/io/appium/java-client/2.1.0/java-client-2.1.0.pom
2016-07-27 23:28:00,258 [Worker-6] INFO  o.e.m.c.i.e.AbstractTransferListenerAdapter - Downloaded http://nexus.paypal.com/nexus/content/repositories/distro/io/appium/java-client/2.1.0/java-client-2.1.0.pom
2016-07-27 23:28:00,880 [Worker-6] INFO  o.e.m.c.i.e.AbstractTransferListenerAdapter - Downloading http://repo1.maven.org/maven2/io/appium/java-client/2.1.0/java-client-2.1.0.pom
2016-07-27 23:28:00,934 [Worker-6] INFO  o.e.m.c.i.e.AbstractTransferListenerAdapter - Downloaded http://repo1.maven.org/maven2/io/appium/java-client/2.1.0/java-client-2.1.0.pom
2016-07-27 23:28:00,942 [Worker-6] INFO  o.e.m.c.i.e.AbstractTransferListenerAdapter - Downloaded http://repository/assetrepository/releases/org/seleniumhq/selenium/selenium-java/2.43.1/selenium-java-2.43.1.pom
2016-07-27 23:28:00,943 [Worker-6] INFO  o.e.m.c.i.e.AbstractTransferListenerAdapter - Downloaded http://repository/assetrepository/s/org/seleniumhq/selenium/selenium-java/2.43.1/selenium-java-2.43.1.pom
2016-07-27 23:28:00,944 [Worker-6] INFO  o.e.m.c.i.e.AbstractTransferListenerAdapter - Downloaded http://nexus.paypal.com/nexus/content/groups/public-all/org/seleniumhq/selenium/selenium-java/2.43.1/selenium-java-2.43.1.pom
2016-07-27 23:28:00,945 [Worker-6] INFO  o.e.m.c.i.e.AbstractTransferListenerAdapter - Downloaded http://nexus.paypal.com/nexus/content/groups/Public_Snapshot_Repositories/org/seleniumhq/selenium/selenium-java/2.43.1/selenium-java-2.43.1.pom
2016-07-27 23:28:00,946 [Worker-6] INFO  o.e.m.c.i.e.AbstractTransferListenerAdapter - Downloaded http://nexus.paypal.com/nexus/content/repositories/distro/org/seleniumhq/selenium/selenium-java/2.43.1/selenium-java-2.43.1.pom
2016-07-27 23:28:00,995 [Worker-6] INFO  o.e.m.c.i.e.AbstractTransferListenerAdapter - Downloading http://repo1.maven.org/maven2/org/seleniumhq/selenium/selenium-java/2.43.1/selenium-java-2.43.1.pom
2016-07-27 23:28:01,045 [Worker-6] INFO  o.e.m.c.i.e.AbstractTransferListenerAdapter - Downloaded http://repo1.maven.org/maven2/org/seleniumhq/selenium/selenium-java/2.43.1/selenium-java-2.43.1.pom
2016-07-27 23:28:01,048 [Worker-6] INFO  o.e.m.c.i.e.AbstractTransferListenerAdapter - Downloaded http://repository/assetrepository/releases/org/seleniumhq/selenium/selenium-parent/2.43.1/selenium-parent-2.43.1.pom
2016-07-27 23:28:01,049 [Worker-6] INFO  o.e.m.c.i.e.AbstractTransferListenerAdapter - Downloaded http://repository/assetrepository/s/org/seleniumhq/selenium/selenium-parent/2.43.1/selenium-parent-2.43.1.pom
2016-07-27 23:28:01,051 [Worker-6] INFO  o.e.m.c.i.e.AbstractTransferListenerAdapter - Downloaded http://nexus.paypal.com/nexus/content/groups/public-all/org/seleniumhq/selenium/selenium-parent/2.43.1/selenium-parent-2.43.1.pom
2016-07-27 23:28:01,051 [Worker-6] INFO  o.e.m.c.i.e.AbstractTransferListenerAdapter - Downloaded http://nexus.paypal.com/nexus/content/groups/Public_Snapshot_Repositories/org/seleniumhq/selenium/selenium-parent/2.43.1/selenium-parent-2.43.1.pom
2016-07-27 23:28:01,052 [Worker-6] INFO  o.e.m.c.i.e.AbstractTransferListenerAdapter - Downloaded http://nexus.paypal.com/nexus/content/repositories/distro/org/seleniumhq/selenium/selenium-parent/2.43.1/selenium-parent-2.43.1.pom
2016-07-27 23:28:01,101 [Worker-6] INFO  o.e.m.c.i.e.AbstractTransferListenerAdapter - Downloading http://repo1.maven.org/maven2/org/seleniumhq/selenium/selenium-parent/2.43.1/selenium-parent-2.43.1.pom
2016-07-27 23:28:01,152 [Worker-6] INFO  o.e.m.c.i.e.AbstractTransferListenerAdapter - Downloaded http://repo1.maven.org/maven2/org/seleniumhq/selenium/selenium-parent/2.43.1/selenium-parent-2.43.1.pom
2016-07-27 23:28:01,156 [Worker-6] INFO  o.e.m.c.i.e.AbstractTransferListenerAdapter - Downloaded http://repository/assetrepository/releases/org/seleniumhq/selenium/selenium-chrome-driver/2.43.1/selenium-chrome-driver-2.43.1.pom
2016-07-27 23:28:01,157 [Worker-6] INFO  o.e.m.c.i.e.AbstractTransferListenerAdapter - Downloaded http://repository/assetrepository/s/org/seleniumhq/selenium/selenium-chrome-driver/2.43.1/selenium-chrome-driver-2.43.1.pom
2016-07-27 23:28:01,158 [Worker-6] INFO  o.e.m.c.i.e.AbstractTransferListenerAdapter - Downloaded http://nexus.paypal.com/nexus/content/groups/public-all/org/seleniumhq/selenium/selenium-chrome-driver/2.43.1/selenium-chrome-driver-2.43.1.pom
2016-07-27 23:28:01,159 [Worker-6] INFO  o.e.m.c.i.e.AbstractTransferListenerAdapter - Downloaded http://nexus.paypal.com/nexus/content/groups/Public_Snapshot_Repositories/org/seleniumhq/selenium/selenium-chrome-driver/2.43.1/selenium-chrome-driver-2.43.1.pom
2016-07-27 23:28:01,160 [Worker-6] INFO  o.e.m.c.i.e.AbstractTransferListenerAdapter - Downloaded http://nexus.paypal.com/nexus/content/repositories/distro/org/seleniumhq/selenium/selenium-chrome-driver/2.43.1/selenium-chrome-driver-2.43.1.pom
2016-07-27 23:28:01,208 [Worker-6] INFO  o.e.m.c.i.e.AbstractTransferListenerAdapter - Downloading http://repo1.maven.org/maven2/org/seleniumhq/selenium/selenium-chrome-driver/2.43.1/selenium-chrome-driver-2.43.1.pom
2016-07-27 23:28:01,258 [Worker-6] INFO  o.e.m.c.i.e.AbstractTransferListenerAdapter - Downloaded http://repo1.maven.org/maven2/org/seleniumhq/selenium/selenium-chrome-driver/2.43.1/selenium-chrome-driver-2.43.1.pom
2016-07-27 23:28:01,261 [Worker-6] INFO  o.e.m.c.i.e.AbstractTransferListenerAdapter - Downloaded http://repository/assetrepository/releases/org/seleniumhq/selenium/selenium-remote-driver/2.43.1/selenium-remote-driver-2.43.1.pom
2016-07-27 23:28:01,262 [Worker-6] INFO  o.e.m.c.i.e.AbstractTransferListenerAdapter - Downloaded http://repository/assetrepository/s/org/seleniumhq/selenium/selenium-remote-driver/2.43.1/selenium-remote-driver-2.43.1.pom
2016-07-27 23:28:01,264 [Worker-6] INFO  o.e.m.c.i.e.AbstractTransferListenerAdapter - Downloaded http://nexus.paypal.com/nexus/content/groups/public-all/org/seleniumhq/selenium/selenium-remote-driver/2.43.1/selenium-remote-driver-2.43.1.pom
2016-07-27 23:28:01,265 [Worker-6] INFO  o.e.m.c.i.e.AbstractTransferListenerAdapter - Downloaded http://nexus.paypal.com/nexus/content/groups/Public_Snapshot_Repositories/org/seleniumhq/selenium/selenium-remote-driver/2.43.1/selenium-remote-driver-2.43.1.pom
2016-07-27 23:28:01,265 [Worker-6] INFO  o.e.m.c.i.e.AbstractTransferListenerAdapter - Downloaded http://nexus.paypal.com/nexus/content/repositories/distro/org/seleniumhq/selenium/selenium-remote-driver/2.43.1/selenium-remote-driver-2.43.1.pom
2016-07-27 23:28:01,314 [Worker-6] INFO  o.e.m.c.i.e.AbstractTransferListenerAdapter - Downloading http://repo1.maven.org/maven2/org/seleniumhq/selenium/selenium-remote-driver/2.43.1/selenium-remote-driver-2.43.1.pom
2016-07-27 23:28:01,364 [Worker-6] INFO  o.e.m.c.i.e.AbstractTransferListenerAdapter - Downloaded http://repo1.maven.org/maven2/org/seleniumhq/selenium/selenium-remote-driver/2.43.1/selenium-remote-driver-2.43.1.pom
2016-07-27 23:28:01,377 [Worker-6] INFO  o.e.m.c.i.e.AbstractTransferListenerAdapter - Downloaded http://repository/assetrepository/releases/org/seleniumhq/selenium/selenium-api/2.43.1/selenium-api-2.43.1.pom
2016-07-27 23:28:01,378 [Worker-6] INFO  o.e.m.c.i.e.AbstractTransferListenerAdapter - Downloaded http://repository/assetrepository/s/org/seleniumhq/selenium/selenium-api/2.43.1/selenium-api-2.43.1.pom
2016-07-27 23:28:01,379 [Worker-6] INFO  o.e.m.c.i.e.AbstractTransferListenerAdapter - Downloaded http://nexus.paypal.com/nexus/content/groups/public-all/org/seleniumhq/selenium/selenium-api/2.43.1/selenium-api-2.43.1.pom
2016-07-27 23:28:01,380 [Worker-6] INFO  o.e.m.c.i.e.AbstractTransferListenerAdapter - Downloaded http://nexus.paypal.com/nexus/content/groups/Public_Snapshot_Repositories/org/seleniumhq/selenium/selenium-api/2.43.1/selenium-api-2.43.1.pom
2016-07-27 23:28:01,381 [Worker-6] INFO  o.e.m.c.i.e.AbstractTransferListenerAdapter - Downloaded http://nexus.paypal.com/nexus/content/repositories/distro/org/seleniumhq/selenium/selenium-api/2.43.1/selenium-api-2.43.1.pom
2016-07-27 23:28:01,429 [Worker-6] INFO  o.e.m.c.i.e.AbstractTransferListenerAdapter - Downloading http://repo1.maven.org/maven2/org/seleniumhq/selenium/selenium-api/2.43.1/selenium-api-2.43.1.pom
2016-07-27 23:28:01,480 [Worker-6] INFO  o.e.m.c.i.e.AbstractTransferListenerAdapter - Downloaded http://repo1.maven.org/maven2/org/seleniumhq/selenium/selenium-api/2.43.1/selenium-api-2.43.1.pom
2016-07-27 23:28:01,490 [Worker-6] INFO  o.e.m.c.i.e.AbstractTransferListenerAdapter - Downloaded http://repository/assetrepository/releases/org/apache/httpcomponents/httpclient/4.3.4/httpclient-4.3.4.pom
2016-07-27 23:28:01,492 [Worker-6] INFO  o.e.m.c.i.e.AbstractTransferListenerAdapter - Downloaded http://repository/assetrepository/s/org/apache/httpcomponents/httpclient/4.3.4/httpclient-4.3.4.pom
2016-07-27 23:28:01,493 [Worker-6] INFO  o.e.m.c.i.e.AbstractTransferListenerAdapter - Downloaded http://nexus.paypal.com/nexus/content/groups/public-all/org/apache/httpcomponents/httpclient/4.3.4/httpclient-4.3.4.pom
2016-07-27 23:28:01,494 [Worker-6] INFO  o.e.m.c.i.e.AbstractTransferListenerAdapter - Downloaded http://nexus.paypal.com/nexus/content/groups/Public_Snapshot_Repositories/org/apache/httpcomponents/httpclient/4.3.4/httpclient-4.3.4.pom
2016-07-27 23:28:01,495 [Worker-6] INFO  o.e.m.c.i.e.AbstractTransferListenerAdapter - Downloaded http://nexus.paypal.com/nexus/content/repositories/distro/org/apache/httpcomponents/httpclient/4.3.4/httpclient-4.3.4.pom
2016-07-27 23:28:01,544 [Worker-6] INFO  o.e.m.c.i.e.AbstractTransferListenerAdapter - Downloading http://repo1.maven.org/maven2/org/apache/httpcomponents/httpclient/4.3.4/httpclient-4.3.4.pom
2016-07-27 23:28:01,594 [Worker-6] INFO  o.e.m.c.i.e.AbstractTransferListenerAdapter - Downloaded http://repo1.maven.org/maven2/org/apache/httpcomponents/httpclient/4.3.4/httpclient-4.3.4.pom
2016-07-27 23:28:01,598 [Worker-6] INFO  o.e.m.c.i.e.AbstractTransferListenerAdapter - Downloaded http://repository/assetrepository/releases/org/apache/httpcomponents/httpcomponents-client/4.3.4/httpcomponents-client-4.3.4.pom
2016-07-27 23:28:01,599 [Worker-6] INFO  o.e.m.c.i.e.AbstractTransferListenerAdapter - Downloaded http://repository/assetrepository/s/org/apache/httpcomponents/httpcomponents-client/4.3.4/httpcomponents-client-4.3.4.pom
2016-07-27 23:28:01,600 [Worker-6] INFO  o.e.m.c.i.e.AbstractTransferListenerAdapter - Downloaded http://nexus.paypal.com/nexus/content/groups/public-all/org/apache/httpcomponents/httpcomponents-client/4.3.4/httpcomponents-client-4.3.4.pom
2016-07-27 23:28:01,601 [Worker-6] INFO  o.e.m.c.i.e.AbstractTransferListenerAdapter - Downloaded http://nexus.paypal.com/nexus/content/groups/Public_Snapshot_Repositories/org/apache/httpcomponents/httpcomponents-client/4.3.4/httpcomponents-client-4.3.4.pom
2016-07-27 23:28:01,601 [Worker-6] INFO  o.e.m.c.i.e.AbstractTransferListenerAdapter - Downloaded http://nexus.paypal.com/nexus/content/repositories/distro/org/apache/httpcomponents/httpcomponents-client/4.3.4/httpcomponents-client-4.3.4.pom
2016-07-27 23:28:01,651 [Worker-6] INFO  o.e.m.c.i.e.AbstractTransferListenerAdapter - Downloading http://repo1.maven.org/maven2/org/apache/httpcomponents/httpcomponents-client/4.3.4/httpcomponents-client-4.3.4.pom
2016-07-27 23:28:01,701 [Worker-6] INFO  o.e.m.c.i.e.AbstractTransferListenerAdapter - Downloaded http://repo1.maven.org/maven2/org/apache/httpcomponents/httpcomponents-client/4.3.4/httpcomponents-client-4.3.4.pom
2016-07-27 23:28:01,751 [Worker-6] INFO  o.e.m.c.i.e.AbstractTransferListenerAdapter - Downloaded http://repository/assetrepository/releases/org/seleniumhq/selenium/selenium-htmlunit-driver/2.43.1/selenium-htmlunit-driver-2.43.1.pom
2016-07-27 23:28:01,753 [Worker-6] INFO  o.e.m.c.i.e.AbstractTransferListenerAdapter - Downloaded http://repository/assetrepository/s/org/seleniumhq/selenium/selenium-htmlunit-driver/2.43.1/selenium-htmlunit-driver-2.43.1.pom
2016-07-27 23:28:01,754 [Worker-6] INFO  o.e.m.c.i.e.AbstractTransferListenerAdapter - Downloaded http://nexus.paypal.com/nexus/content/groups/public-all/org/seleniumhq/selenium/selenium-htmlunit-driver/2.43.1/selenium-htmlunit-driver-2.43.1.pom
2016-07-27 23:28:01,755 [Worker-6] INFO  o.e.m.c.i.e.AbstractTransferListenerAdapter - Downloaded http://nexus.paypal.com/nexus/content/groups/Public_Snapshot_Repositories/org/seleniumhq/selenium/selenium-htmlunit-driver/2.43.1/selenium-htmlunit-driver-2.43.1.pom
2016-07-27 23:28:01,756 [Worker-6] INFO  o.e.m.c.i.e.AbstractTransferListenerAdapter - Downloaded http://nexus.paypal.com/nexus/content/repositories/distro/org/seleniumhq/selenium/selenium-htmlunit-driver/2.43.1/selenium-htmlunit-driver-2.43.1.pom
2016-07-27 23:28:01,805 [Worker-6] INFO  o.e.m.c.i.e.AbstractTransferListenerAdapter - Downloading http://repo1.maven.org/maven2/org/seleniumhq/selenium/selenium-htmlunit-driver/2.43.1/selenium-htmlunit-driver-2.43.1.pom
2016-07-27 23:28:01,872 [Worker-6] INFO  o.e.m.c.i.e.AbstractTransferListenerAdapter - Downloaded http://repo1.maven.org/maven2/org/seleniumhq/selenium/selenium-htmlunit-driver/2.43.1/selenium-htmlunit-driver-2.43.1.pom
2016-07-27 23:28:01,952 [Worker-6] INFO  o.e.m.c.i.e.AbstractTransferListenerAdapter - Downloaded http://repository/assetrepository/releases/org/seleniumhq/selenium/selenium-firefox-driver/2.43.1/selenium-firefox-driver-2.43.1.pom
2016-07-27 23:28:01,953 [Worker-6] INFO  o.e.m.c.i.e.AbstractTransferListenerAdapter - Downloaded http://repository/assetrepository/s/org/seleniumhq/selenium/selenium-firefox-driver/2.43.1/selenium-firefox-driver-2.43.1.pom
2016-07-27 23:28:01,954 [Worker-6] INFO  o.e.m.c.i.e.AbstractTransferListenerAdapter - Downloaded http://nexus.paypal.com/nexus/content/groups/public-all/org/seleniumhq/selenium/selenium-firefox-driver/2.43.1/selenium-firefox-driver-2.43.1.pom
2016-07-27 23:28:01,955 [Worker-6] INFO  o.e.m.c.i.e.AbstractTransferListenerAdapter - Downloaded http://nexus.paypal.com/nexus/content/groups/Public_Snapshot_Repositories/org/seleniumhq/selenium/selenium-firefox-driver/2.43.1/selenium-firefox-driver-2.43.1.pom
2016-07-27 23:28:01,956 [Worker-6] INFO  o.e.m.c.i.e.AbstractTransferListenerAdapter - Downloaded http://nexus.paypal.com/nexus/content/repositories/distro/org/seleniumhq/selenium/selenium-firefox-driver/2.43.1/selenium-firefox-driver-2.43.1.pom
2016-07-27 23:28:02,005 [Worker-6] INFO  o.e.m.c.i.e.AbstractTransferListenerAdapter - Downloading http://repo1.maven.org/maven2/org/seleniumhq/selenium/selenium-firefox-driver/2.43.1/selenium-firefox-driver-2.43.1.pom
2016-07-27 23:28:02,054 [Worker-6] INFO  o.e.m.c.i.e.AbstractTransferListenerAdapter - Downloaded http://repo1.maven.org/maven2/org/seleniumhq/selenium/selenium-firefox-driver/2.43.1/selenium-firefox-driver-2.43.1.pom
2016-07-27 23:28:02,059 [Worker-6] INFO  o.e.m.c.i.e.AbstractTransferListenerAdapter - Downloaded http://repository/assetrepository/releases/org/seleniumhq/selenium/selenium-ie-driver/2.43.1/selenium-ie-driver-2.43.1.pom
2016-07-27 23:28:02,061 [Worker-6] INFO  o.e.m.c.i.e.AbstractTransferListenerAdapter - Downloaded http://repository/assetrepository/s/org/seleniumhq/selenium/selenium-ie-driver/2.43.1/selenium-ie-driver-2.43.1.pom
2016-07-27 23:28:02,062 [Worker-6] INFO  o.e.m.c.i.e.AbstractTransferListenerAdapter - Downloaded http://nexus.paypal.com/nexus/content/groups/public-all/org/seleniumhq/selenium/selenium-ie-driver/2.43.1/selenium-ie-driver-2.43.1.pom
2016-07-27 23:28:02,063 [Worker-6] INFO  o.e.m.c.i.e.AbstractTransferListenerAdapter - Downloaded http://nexus.paypal.com/nexus/content/groups/Public_Snapshot_Repositories/org/seleniumhq/selenium/selenium-ie-driver/2.43.1/selenium-ie-driver-2.43.1.pom
2016-07-27 23:28:02,065 [Worker-6] INFO  o.e.m.c.i.e.AbstractTransferListenerAdapter - Downloaded http://nexus.paypal.com/nexus/content/repositories/distro/org/seleniumhq/selenium/selenium-ie-driver/2.43.1/selenium-ie-driver-2.43.1.pom
2016-07-27 23:28:02,114 [Worker-6] INFO  o.e.m.c.i.e.AbstractTransferListenerAdapter - Downloading http://repo1.maven.org/maven2/org/seleniumhq/selenium/selenium-ie-driver/2.43.1/selenium-ie-driver-2.43.1.pom
2016-07-27 23:28:02,165 [Worker-6] INFO  o.e.m.c.i.e.AbstractTransferListenerAdapter - Downloaded http://repo1.maven.org/maven2/org/seleniumhq/selenium/selenium-ie-driver/2.43.1/selenium-ie-driver-2.43.1.pom
2016-07-27 23:28:02,170 [Worker-6] INFO  o.e.m.c.i.e.AbstractTransferListenerAdapter - Downloaded http://repository/assetrepository/releases/org/seleniumhq/selenium/selenium-safari-driver/2.43.1/selenium-safari-driver-2.43.1.pom
2016-07-27 23:28:02,171 [Worker-6] INFO  o.e.m.c.i.e.AbstractTransferListenerAdapter - Downloaded http://repository/assetrepository/s/org/seleniumhq/selenium/selenium-safari-driver/2.43.1/selenium-safari-driver-2.43.1.pom
2016-07-27 23:28:02,172 [Worker-6] INFO  o.e.m.c.i.e.AbstractTransferListenerAdapter - Downloaded http://nexus.paypal.com/nexus/content/groups/public-all/org/seleniumhq/selenium/selenium-safari-driver/2.43.1/selenium-safari-driver-2.43.1.pom
2016-07-27 23:28:02,173 [Worker-6] INFO  o.e.m.c.i.e.AbstractTransferListenerAdapter - Downloaded http://nexus.paypal.com/nexus/content/groups/Public_Snapshot_Repositories/org/seleniumhq/selenium/selenium-safari-driver/2.43.1/selenium-safari-driver-2.43.1.pom
2016-07-27 23:28:02,173 [Worker-6] INFO  o.e.m.c.i.e.AbstractTransferListenerAdapter - Downloaded http://nexus.paypal.com/nexus/content/repositories/distro/org/seleniumhq/selenium/selenium-safari-driver/2.43.1/selenium-safari-driver-2.43.1.pom
2016-07-27 23:28:02,224 [Worker-6] INFO  o.e.m.c.i.e.AbstractTransferListenerAdapter - Downloading http://repo1.maven.org/maven2/org/seleniumhq/selenium/selenium-safari-driver/2.43.1/selenium-safari-driver-2.43.1.pom
2016-07-27 23:28:02,280 [Worker-6] INFO  o.e.m.c.i.e.AbstractTransferListenerAdapter - Downloaded http://repo1.maven.org/maven2/org/seleniumhq/selenium/selenium-safari-driver/2.43.1/selenium-safari-driver-2.43.1.pom
2016-07-27 23:28:02,285 [Worker-6] INFO  o.e.m.c.i.e.AbstractTransferListenerAdapter - Downloaded http://repository/assetrepository/releases/org/webbitserver/webbit/0.4.15/webbit-0.4.15.pom
2016-07-27 23:28:02,287 [Worker-6] INFO  o.e.m.c.i.e.AbstractTransferListenerAdapter - Downloaded http://repository/assetrepository/s/org/webbitserver/webbit/0.4.15/webbit-0.4.15.pom
2016-07-27 23:28:02,288 [Worker-6] INFO  o.e.m.c.i.e.AbstractTransferListenerAdapter - Downloaded http://nexus.paypal.com/nexus/content/groups/public-all/org/webbitserver/webbit/0.4.15/webbit-0.4.15.pom
2016-07-27 23:28:02,289 [Worker-6] INFO  o.e.m.c.i.e.AbstractTransferListenerAdapter - Downloaded http://nexus.paypal.com/nexus/content/groups/Public_Snapshot_Repositories/org/webbitserver/webbit/0.4.15/webbit-0.4.15.pom
2016-07-27 23:28:02,290 [Worker-6] INFO  o.e.m.c.i.e.AbstractTransferListenerAdapter - Downloaded http://nexus.paypal.com/nexus/content/repositories/distro/org/webbitserver/webbit/0.4.15/webbit-0.4.15.pom
2016-07-27 23:28:02,339 [Worker-6] INFO  o.e.m.c.i.e.AbstractTransferListenerAdapter - Downloading http://repo1.maven.org/maven2/org/webbitserver/webbit/0.4.15/webbit-0.4.15.pom
2016-07-27 23:28:02,390 [Worker-6] INFO  o.e.m.c.i.e.AbstractTransferListenerAdapter - Downloaded http://repo1.maven.org/maven2/org/webbitserver/webbit/0.4.15/webbit-0.4.15.pom
2016-07-27 23:28:02,397 [Worker-6] INFO  o.e.m.c.i.e.AbstractTransferListenerAdapter - Downloaded http://repository/assetrepository/releases/io/netty/netty/3.5.5.Final/netty-3.5.5.Final.pom
2016-07-27 23:28:02,398 [Worker-6] INFO  o.e.m.c.i.e.AbstractTransferListenerAdapter - Downloaded http://repository/assetrepository/s/io/netty/netty/3.5.5.Final/netty-3.5.5.Final.pom
2016-07-27 23:28:02,399 [Worker-6] INFO  o.e.m.c.i.e.AbstractTransferListenerAdapter - Downloaded http://nexus.paypal.com/nexus/content/groups/public-all/io/netty/netty/3.5.5.Final/netty-3.5.5.Final.pom
2016-07-27 23:28:02,400 [Worker-6] INFO  o.e.m.c.i.e.AbstractTransferListenerAdapter - Downloaded http://nexus.paypal.com/nexus/content/groups/Public_Snapshot_Repositories/io/netty/netty/3.5.5.Final/netty-3.5.5.Final.pom
2016-07-27 23:28:02,401 [Worker-6] INFO  o.e.m.c.i.e.AbstractTransferListenerAdapter - Downloaded http://nexus.paypal.com/nexus/content/repositories/distro/io/netty/netty/3.5.5.Final/netty-3.5.5.Final.pom
2016-07-27 23:28:02,450 [Worker-6] INFO  o.e.m.c.i.e.AbstractTransferListenerAdapter - Downloading http://repo1.maven.org/maven2/io/netty/netty/3.5.5.Final/netty-3.5.5.Final.pom
2016-07-27 23:28:02,500 [Worker-6] INFO  o.e.m.c.i.e.AbstractTransferListenerAdapter - Downloaded http://repo1.maven.org/maven2/io/netty/netty/3.5.5.Final/netty-3.5.5.Final.pom
2016-07-27 23:28:02,505 [Worker-6] INFO  o.e.m.c.i.e.AbstractTransferListenerAdapter - Downloaded http://repository/assetrepository/releases/org/seleniumhq/selenium/selenium-support/2.43.1/selenium-support-2.43.1.pom
2016-07-27 23:28:02,507 [Worker-6] INFO  o.e.m.c.i.e.AbstractTransferListenerAdapter - Downloaded http://repository/assetrepository/s/org/seleniumhq/selenium/selenium-support/2.43.1/selenium-support-2.43.1.pom
2016-07-27 23:28:02,508 [Worker-6] INFO  o.e.m.c.i.e.AbstractTransferListenerAdapter - Downloaded http://nexus.paypal.com/nexus/content/groups/public-all/org/seleniumhq/selenium/selenium-support/2.43.1/selenium-support-2.43.1.pom
2016-07-27 23:28:02,508 [Worker-6] INFO  o.e.m.c.i.e.AbstractTransferListenerAdapter - Downloaded http://nexus.paypal.com/nexus/content/groups/Public_Snapshot_Repositories/org/seleniumhq/selenium/selenium-support/2.43.1/selenium-support-2.43.1.pom
2016-07-27 23:28:02,509 [Worker-6] INFO  o.e.m.c.i.e.AbstractTransferListenerAdapter - Downloaded http://nexus.paypal.com/nexus/content/repositories/distro/org/seleniumhq/selenium/selenium-support/2.43.1/selenium-support-2.43.1.pom
2016-07-27 23:28:02,559 [Worker-6] INFO  o.e.m.c.i.e.AbstractTransferListenerAdapter - Downloading http://repo1.maven.org/maven2/org/seleniumhq/selenium/selenium-support/2.43.1/selenium-support-2.43.1.pom
2016-07-27 23:28:02,610 [Worker-6] INFO  o.e.m.c.i.e.AbstractTransferListenerAdapter - Downloaded http://repo1.maven.org/maven2/org/seleniumhq/selenium/selenium-support/2.43.1/selenium-support-2.43.1.pom
2016-07-27 23:28:02,811 [Worker-6] WARN  o.e.m.c.i.embedder.EclipseLogger - Using platform encoding (UTF-8 actually) to copy filtered resources, i.e. build is platform dependent!
2016-07-27 23:28:02,813 [Worker-6] INFO  o.e.m.c.i.embedder.EclipseLogger - Copying 0 resource
2016-07-27 23:28:02,814 [Worker-6] WARN  o.e.m.c.i.embedder.EclipseLogger - Using platform encoding (UTF-8 actually) to copy filtered resources, i.e. build is platform dependent!
2016-07-27 23:28:02,814 [Worker-6] INFO  o.e.m.c.i.embedder.EclipseLogger - Copying 0 resource
2016-07-27 23:29:16,911 [Worker-14] INFO  o.e.m.c.i.l.LifecycleMappingFactory - Using org.eclipse.m2e.jdt.JarLifecycleMapping lifecycle mapping for MavenProject: com.mobile:com.mobile:0.0.1-SNAPSHOT @ /Users/bbheemanadham/mobileautomation/com.mobile/pom.xml.
2016-07-27 23:29:17,154 [Worker-14] WARN  o.e.m.c.i.embedder.EclipseLogger - Using platform encoding (UTF-8 actually) to copy filtered resources, i.e. build is platform dependent!
2016-07-27 23:29:17,157 [Worker-14] INFO  o.e.m.c.i.embedder.EclipseLogger - Copying 0 resource
2016-07-27 23:29:17,159 [Worker-14] WARN  o.e.m.c.i.embedder.EclipseLogger - Using platform encoding (UTF-8 actually) to copy filtered resources, i.e. build is platform dependent!
2016-07-27 23:29:17,160 [Worker-14] INFO  o.e.m.c.i.embedder.EclipseLogger - Copying 0 resource
2016-07-27 23:33:25,268 [Worker-4] INFO  o.e.m.c.i.e.AbstractTransferListenerAdapter - Downloaded http://repository/assetrepository/releases/org/seleniumhq/selenium/selenium-java/2.53.1/selenium-java-2.53.1.pom
2016-07-27 23:33:25,270 [Worker-4] INFO  o.e.m.c.i.e.AbstractTransferListenerAdapter - Downloaded http://repository/assetrepository/s/org/seleniumhq/selenium/selenium-java/2.53.1/selenium-java-2.53.1.pom
2016-07-27 23:33:25,336 [Worker-9] INFO  o.e.m.c.i.l.LifecycleMappingFactory - Using org.eclipse.m2e.jdt.JarLifecycleMapping lifecycle mapping for MavenProject: com.mobile:com.mobile:0.0.1-SNAPSHOT @ /Users/bbheemanadham/mobileautomation/com.mobile/pom.xml.
2016-07-27 23:33:25,349 [Worker-4] INFO  o.e.m.c.i.e.AbstractTransferListenerAdapter - Downloaded http://nexus.paypal.com/nexus/content/groups/public-all/org/seleniumhq/selenium/selenium-java/2.53.1/selenium-java-2.53.1.pom
2016-07-27 23:33:25,351 [Worker-4] INFO  o.e.m.c.i.e.AbstractTransferListenerAdapter - Downloaded http://nexus.paypal.com/nexus/content/groups/Public_Snapshot_Repositories/org/seleniumhq/selenium/selenium-java/2.53.1/selenium-java-2.53.1.pom
2016-07-27 23:33:25,354 [Worker-4] INFO  o.e.m.c.i.e.AbstractTransferListenerAdapter - Downloaded http://nexus.paypal.com/nexus/content/repositories/distro/org/seleniumhq/selenium/selenium-java/2.53.1/selenium-java-2.53.1.pom
2016-07-27 23:33:25,501 [Worker-4] INFO  o.e.m.c.i.e.AbstractTransferListenerAdapter - Downloading http://repo1.maven.org/maven2/org/seleniumhq/selenium/selenium-java/2.53.1/selenium-java-2.53.1.pom
2016-07-27 23:33:25,552 [Worker-4] INFO  o.e.m.c.i.e.AbstractTransferListenerAdapter - Downloaded http://repo1.maven.org/maven2/org/seleniumhq/selenium/selenium-java/2.53.1/selenium-java-2.53.1.pom
2016-07-27 23:33:25,555 [Worker-4] INFO  o.e.m.c.i.e.AbstractTransferListenerAdapter - Downloaded http://repository/assetrepository/releases/org/seleniumhq/selenium/selenium-parent/2.53.1/selenium-parent-2.53.1.pom
2016-07-27 23:33:25,556 [Worker-4] INFO  o.e.m.c.i.e.AbstractTransferListenerAdapter - Downloaded http://repository/assetrepository/s/org/seleniumhq/selenium/selenium-parent/2.53.1/selenium-parent-2.53.1.pom
2016-07-27 23:33:25,557 [Worker-4] INFO  o.e.m.c.i.e.AbstractTransferListenerAdapter - Downloaded http://nexus.paypal.com/nexus/content/groups/public-all/org/seleniumhq/selenium/selenium-parent/2.53.1/selenium-parent-2.53.1.pom
2016-07-27 23:33:25,559 [Worker-4] INFO  o.e.m.c.i.e.AbstractTransferListenerAdapter - Downloaded http://nexus.paypal.com/nexus/content/groups/Public_Snapshot_Repositories/org/seleniumhq/selenium/selenium-parent/2.53.1/selenium-parent-2.53.1.pom
2016-07-27 23:33:25,560 [Worker-4] INFO  o.e.m.c.i.e.AbstractTransferListenerAdapter - Downloaded http://nexus.paypal.com/nexus/content/repositories/distro/org/seleniumhq/selenium/selenium-parent/2.53.1/selenium-parent-2.53.1.pom
2016-07-27 23:33:25,609 [Worker-4] INFO  o.e.m.c.i.e.AbstractTransferListenerAdapter - Downloading http://repo1.maven.org/maven2/org/seleniumhq/selenium/selenium-parent/2.53.1/selenium-parent-2.53.1.pom
2016-07-27 23:33:25,659 [Worker-4] INFO  o.e.m.c.i.e.AbstractTransferListenerAdapter - Downloaded http://repo1.maven.org/maven2/org/seleniumhq/selenium/selenium-parent/2.53.1/selenium-parent-2.53.1.pom
2016-07-27 23:33:25,662 [Worker-4] INFO  o.e.m.c.i.e.AbstractTransferListenerAdapter - Downloaded http://repository/assetrepository/releases/org/seleniumhq/selenium/selenium-chrome-driver/2.53.1/selenium-chrome-driver-2.53.1.pom
2016-07-27 23:33:25,664 [Worker-4] INFO  o.e.m.c.i.e.AbstractTransferListenerAdapter - Downloaded http://repository/assetrepository/s/org/seleniumhq/selenium/selenium-chrome-driver/2.53.1/selenium-chrome-driver-2.53.1.pom
2016-07-27 23:33:25,665 [Worker-4] INFO  o.e.m.c.i.e.AbstractTransferListenerAdapter - Downloaded http://nexus.paypal.com/nexus/content/groups/public-all/org/seleniumhq/selenium/selenium-chrome-driver/2.53.1/selenium-chrome-driver-2.53.1.pom
2016-07-27 23:33:25,666 [Worker-4] INFO  o.e.m.c.i.e.AbstractTransferListenerAdapter - Downloaded http://nexus.paypal.com/nexus/content/groups/Public_Snapshot_Repositories/org/seleniumhq/selenium/selenium-chrome-driver/2.53.1/selenium-chrome-driver-2.53.1.pom
2016-07-27 23:33:25,667 [Worker-4] INFO  o.e.m.c.i.e.AbstractTransferListenerAdapter - Downloaded http://nexus.paypal.com/nexus/content/repositories/distro/org/seleniumhq/selenium/selenium-chrome-driver/2.53.1/selenium-chrome-driver-2.53.1.pom
2016-07-27 23:33:25,716 [Worker-4] INFO  o.e.m.c.i.e.AbstractTransferListenerAdapter - Downloading http://repo1.maven.org/maven2/org/seleniumhq/selenium/selenium-chrome-driver/2.53.1/selenium-chrome-driver-2.53.1.pom
2016-07-27 23:33:25,766 [Worker-4] INFO  o.e.m.c.i.e.AbstractTransferListenerAdapter - Downloaded http://repo1.maven.org/maven2/org/seleniumhq/selenium/selenium-chrome-driver/2.53.1/selenium-chrome-driver-2.53.1.pom
2016-07-27 23:33:25,769 [Worker-9] INFO  o.e.m.c.i.e.AbstractTransferListenerAdapter - Downloaded http://repository/assetrepository/releases/org/seleniumhq/selenium/selenium-remote-driver/2.53.1/selenium-remote-driver-2.53.1.pom
2016-07-27 23:33:25,771 [Worker-9] INFO  o.e.m.c.i.e.AbstractTransferListenerAdapter - Downloaded http://repository/assetrepository/s/org/seleniumhq/selenium/selenium-remote-driver/2.53.1/selenium-remote-driver-2.53.1.pom
2016-07-27 23:33:25,772 [Worker-9] INFO  o.e.m.c.i.e.AbstractTransferListenerAdapter - Downloaded http://nexus.paypal.com/nexus/content/groups/public-all/org/seleniumhq/selenium/selenium-remote-driver/2.53.1/selenium-remote-driver-2.53.1.pom
2016-07-27 23:33:25,772 [Worker-9] INFO  o.e.m.c.i.e.AbstractTransferListenerAdapter - Downloaded http://nexus.paypal.com/nexus/content/groups/Public_Snapshot_Repositories/org/seleniumhq/selenium/selenium-remote-driver/2.53.1/selenium-remote-driver-2.53.1.pom
2016-07-27 23:33:25,773 [Worker-9] INFO  o.e.m.c.i.e.AbstractTransferListenerAdapter - Downloaded http://nexus.paypal.com/nexus/content/repositories/distro/org/seleniumhq/selenium/selenium-remote-driver/2.53.1/selenium-remote-driver-2.53.1.pom
2016-07-27 23:33:25,822 [Worker-9] INFO  o.e.m.c.i.e.AbstractTransferListenerAdapter - Downloading http://repo1.maven.org/maven2/org/seleniumhq/selenium/selenium-remote-driver/2.53.1/selenium-remote-driver-2.53.1.pom
2016-07-27 23:33:25,873 [Worker-9] INFO  o.e.m.c.i.e.AbstractTransferListenerAdapter - Downloaded http://repo1.maven.org/maven2/org/seleniumhq/selenium/selenium-remote-driver/2.53.1/selenium-remote-driver-2.53.1.pom
2016-07-27 23:33:25,881 [Worker-9] INFO  o.e.m.c.i.e.AbstractTransferListenerAdapter - Downloaded http://repository/assetrepository/releases/org/seleniumhq/selenium/selenium-api/2.53.1/selenium-api-2.53.1.pom
2016-07-27 23:33:25,882 [Worker-9] INFO  o.e.m.c.i.e.AbstractTransferListenerAdapter - Downloaded http://repository/assetrepository/s/org/seleniumhq/selenium/selenium-api/2.53.1/selenium-api-2.53.1.pom
2016-07-27 23:33:25,883 [Worker-9] INFO  o.e.m.c.i.e.AbstractTransferListenerAdapter - Downloaded http://nexus.paypal.com/nexus/content/groups/public-all/org/seleniumhq/selenium/selenium-api/2.53.1/selenium-api-2.53.1.pom
2016-07-27 23:33:25,884 [Worker-9] INFO  o.e.m.c.i.e.AbstractTransferListenerAdapter - Downloaded http://nexus.paypal.com/nexus/content/groups/Public_Snapshot_Repositories/org/seleniumhq/selenium/selenium-api/2.53.1/selenium-api-2.53.1.pom
2016-07-27 23:33:25,885 [Worker-9] INFO  o.e.m.c.i.e.AbstractTransferListenerAdapter - Downloaded http://nexus.paypal.com/nexus/content/repositories/distro/org/seleniumhq/selenium/selenium-api/2.53.1/selenium-api-2.53.1.pom
2016-07-27 23:33:25,933 [Worker-9] INFO  o.e.m.c.i.e.AbstractTransferListenerAdapter - Downloading http://repo1.maven.org/maven2/org/seleniumhq/selenium/selenium-api/2.53.1/selenium-api-2.53.1.pom
2016-07-27 23:33:25,983 [Worker-9] INFO  o.e.m.c.i.e.AbstractTransferListenerAdapter - Downloaded http://repo1.maven.org/maven2/org/seleniumhq/selenium/selenium-api/2.53.1/selenium-api-2.53.1.pom
2016-07-27 23:33:25,986 [Worker-9] INFO  o.e.m.c.i.e.AbstractTransferListenerAdapter - Downloaded http://repository/assetrepository/releases/com/google/guava/guava/19.0/guava-19.0.pom
2016-07-27 23:33:25,987 [Worker-9] INFO  o.e.m.c.i.e.AbstractTransferListenerAdapter - Downloaded http://repository/assetrepository/s/com/google/guava/guava/19.0/guava-19.0.pom
2016-07-27 23:33:25,988 [Worker-9] INFO  o.e.m.c.i.e.AbstractTransferListenerAdapter - Downloaded http://nexus.paypal.com/nexus/content/groups/public-all/com/google/guava/guava/19.0/guava-19.0.pom
2016-07-27 23:33:25,989 [Worker-9] INFO  o.e.m.c.i.e.AbstractTransferListenerAdapter - Downloaded http://nexus.paypal.com/nexus/content/groups/Public_Snapshot_Repositories/com/google/guava/guava/19.0/guava-19.0.pom
2016-07-27 23:33:25,990 [Worker-9] INFO  o.e.m.c.i.e.AbstractTransferListenerAdapter - Downloaded http://nexus.paypal.com/nexus/content/repositories/distro/com/google/guava/guava/19.0/guava-19.0.pom
2016-07-27 23:33:26,038 [Worker-9] INFO  o.e.m.c.i.e.AbstractTransferListenerAdapter - Downloading http://repo1.maven.org/maven2/com/google/guava/guava/19.0/guava-19.0.pom
2016-07-27 23:33:26,088 [Worker-9] INFO  o.e.m.c.i.e.AbstractTransferListenerAdapter - Downloaded http://repo1.maven.org/maven2/com/google/guava/guava/19.0/guava-19.0.pom
2016-07-27 23:33:26,091 [Worker-9] INFO  o.e.m.c.i.e.AbstractTransferListenerAdapter - Downloaded http://repository/assetrepository/releases/com/google/guava/guava-parent/19.0/guava-parent-19.0.pom
2016-07-27 23:33:26,092 [Worker-9] INFO  o.e.m.c.i.e.AbstractTransferListenerAdapter - Downloaded http://repository/assetrepository/s/com/google/guava/guava-parent/19.0/guava-parent-19.0.pom
2016-07-27 23:33:26,093 [Worker-9] INFO  o.e.m.c.i.e.AbstractTransferListenerAdapter - Downloaded http://nexus.paypal.com/nexus/content/groups/public-all/com/google/guava/guava-parent/19.0/guava-parent-19.0.pom
2016-07-27 23:33:26,094 [Worker-9] INFO  o.e.m.c.i.e.AbstractTransferListenerAdapter - Downloaded http://nexus.paypal.com/nexus/content/groups/Public_Snapshot_Repositories/com/google/guava/guava-parent/19.0/guava-parent-19.0.pom
2016-07-27 23:33:26,095 [Worker-9] INFO  o.e.m.c.i.e.AbstractTransferListenerAdapter - Downloaded http://nexus.paypal.com/nexus/content/repositories/distro/com/google/guava/guava-parent/19.0/guava-parent-19.0.pom
2016-07-27 23:33:26,144 [Worker-9] INFO  o.e.m.c.i.e.AbstractTransferListenerAdapter - Downloading http://repo1.maven.org/maven2/com/google/guava/guava-parent/19.0/guava-parent-19.0.pom
2016-07-27 23:33:26,194 [Worker-9] INFO  o.e.m.c.i.e.AbstractTransferListenerAdapter - Downloaded http://repo1.maven.org/maven2/com/google/guava/guava-parent/19.0/guava-parent-19.0.pom
2016-07-27 23:33:26,225 [Worker-4] INFO  o.e.m.c.i.e.AbstractTransferListenerAdapter - Downloaded http://repository/assetrepository/releases/org/seleniumhq/selenium/selenium-edge-driver/2.53.1/selenium-edge-driver-2.53.1.pom
2016-07-27 23:33:26,227 [Worker-4] INFO  o.e.m.c.i.e.AbstractTransferListenerAdapter - Downloaded http://repository/assetrepository/s/org/seleniumhq/selenium/selenium-edge-driver/2.53.1/selenium-edge-driver-2.53.1.pom
2016-07-27 23:33:26,228 [Worker-4] INFO  o.e.m.c.i.e.AbstractTransferListenerAdapter - Downloaded http://nexus.paypal.com/nexus/content/groups/public-all/org/seleniumhq/selenium/selenium-edge-driver/2.53.1/selenium-edge-driver-2.53.1.pom
2016-07-27 23:33:26,229 [Worker-4] INFO  o.e.m.c.i.e.AbstractTransferListenerAdapter - Downloaded http://nexus.paypal.com/nexus/content/groups/Public_Snapshot_Repositories/org/seleniumhq/selenium/selenium-edge-driver/2.53.1/selenium-edge-driver-2.53.1.pom
2016-07-27 23:33:26,230 [Worker-4] INFO  o.e.m.c.i.e.AbstractTransferListenerAdapter - Downloaded http://nexus.paypal.com/nexus/content/repositories/distro/org/seleniumhq/selenium/selenium-edge-driver/2.53.1/selenium-edge-driver-2.53.1.pom
2016-07-27 23:33:26,279 [Worker-4] INFO  o.e.m.c.i.e.AbstractTransferListenerAdapter - Downloading http://repo1.maven.org/maven2/org/seleniumhq/selenium/selenium-edge-driver/2.53.1/selenium-edge-driver-2.53.1.pom
2016-07-27 23:33:26,329 [Worker-4] INFO  o.e.m.c.i.e.AbstractTransferListenerAdapter - Downloaded http://repo1.maven.org/maven2/org/seleniumhq/selenium/selenium-edge-driver/2.53.1/selenium-edge-driver-2.53.1.pom
2016-07-27 23:33:26,332 [Worker-4] INFO  o.e.m.c.i.e.AbstractTransferListenerAdapter - Downloaded http://repository/assetrepository/releases/org/seleniumhq/selenium/htmlunit-driver/2.21/htmlunit-driver-2.21.pom
2016-07-27 23:33:26,333 [Worker-4] INFO  o.e.m.c.i.e.AbstractTransferListenerAdapter - Downloaded http://repository/assetrepository/s/org/seleniumhq/selenium/htmlunit-driver/2.21/htmlunit-driver-2.21.pom
2016-07-27 23:33:26,334 [Worker-4] INFO  o.e.m.c.i.e.AbstractTransferListenerAdapter - Downloaded http://nexus.paypal.com/nexus/content/groups/public-all/org/seleniumhq/selenium/htmlunit-driver/2.21/htmlunit-driver-2.21.pom
2016-07-27 23:33:26,335 [Worker-4] INFO  o.e.m.c.i.e.AbstractTransferListenerAdapter - Downloaded http://nexus.paypal.com/nexus/content/groups/Public_Snapshot_Repositories/org/seleniumhq/selenium/htmlunit-driver/2.21/htmlunit-driver-2.21.pom
2016-07-27 23:33:26,335 [Worker-4] INFO  o.e.m.c.i.e.AbstractTransferListenerAdapter - Downloaded http://nexus.paypal.com/nexus/content/repositories/distro/org/seleniumhq/selenium/htmlunit-driver/2.21/htmlunit-driver-2.21.pom
2016-07-27 23:33:26,384 [Worker-4] INFO  o.e.m.c.i.e.AbstractTransferListenerAdapter - Downloading http://repo1.maven.org/maven2/org/seleniumhq/selenium/htmlunit-driver/2.21/htmlunit-driver-2.21.pom
2016-07-27 23:33:26,434 [Worker-4] INFO  o.e.m.c.i.e.AbstractTransferListenerAdapter - Downloaded http://repo1.maven.org/maven2/org/seleniumhq/selenium/htmlunit-driver/2.21/htmlunit-driver-2.21.pom
2016-07-27 23:33:26,437 [Worker-4] INFO  o.e.m.c.i.e.AbstractTransferListenerAdapter - Downloaded http://repository/assetrepository/releases/net/sourceforge/htmlunit/htmlunit/2.21/htmlunit-2.21.pom
2016-07-27 23:33:26,438 [Worker-4] INFO  o.e.m.c.i.e.AbstractTransferListenerAdapter - Downloaded http://repository/assetrepository/s/net/sourceforge/htmlunit/htmlunit/2.21/htmlunit-2.21.pom
2016-07-27 23:33:26,439 [Worker-4] INFO  o.e.m.c.i.e.AbstractTransferListenerAdapter - Downloaded http://nexus.paypal.com/nexus/content/groups/public-all/net/sourceforge/htmlunit/htmlunit/2.21/htmlunit-2.21.pom
2016-07-27 23:33:26,440 [Worker-4] INFO  o.e.m.c.i.e.AbstractTransferListenerAdapter - Downloaded http://nexus.paypal.com/nexus/content/groups/Public_Snapshot_Repositories/net/sourceforge/htmlunit/htmlunit/2.21/htmlunit-2.21.pom
2016-07-27 23:33:26,441 [Worker-4] INFO  o.e.m.c.i.e.AbstractTransferListenerAdapter - Downloaded http://nexus.paypal.com/nexus/content/repositories/distro/net/sourceforge/htmlunit/htmlunit/2.21/htmlunit-2.21.pom
2016-07-27 23:33:26,495 [Worker-4] INFO  o.e.m.c.i.e.AbstractTransferListenerAdapter - Downloading http://repo1.maven.org/maven2/net/sourceforge/htmlunit/htmlunit/2.21/htmlunit-2.21.pom
2016-07-27 23:33:26,592 [Worker-4] INFO  o.e.m.c.i.e.AbstractTransferListenerAdapter - Downloaded http://repo1.maven.org/maven2/net/sourceforge/htmlunit/htmlunit/2.21/htmlunit-2.21.pom
2016-07-27 23:33:26,624 [Worker-9] INFO  o.e.m.c.i.e.AbstractTransferListenerAdapter - Downloaded http://repository/assetrepository/releases/net/sourceforge/htmlunit/neko-htmlunit/2.21/neko-htmlunit-2.21.pom
2016-07-27 23:33:26,625 [Worker-9] INFO  o.e.m.c.i.e.AbstractTransferListenerAdapter - Downloaded http://repository/assetrepository/s/net/sourceforge/htmlunit/neko-htmlunit/2.21/neko-htmlunit-2.21.pom
2016-07-27 23:33:26,626 [Worker-9] INFO  o.e.m.c.i.e.AbstractTransferListenerAdapter - Downloaded http://nexus.paypal.com/nexus/content/groups/public-all/net/sourceforge/htmlunit/neko-htmlunit/2.21/neko-htmlunit-2.21.pom
2016-07-27 23:33:26,628 [Worker-9] INFO  o.e.m.c.i.e.AbstractTransferListenerAdapter - Downloaded http://nexus.paypal.com/nexus/content/groups/Public_Snapshot_Repositories/net/sourceforge/htmlunit/neko-htmlunit/2.21/neko-htmlunit-2.21.pom
2016-07-27 23:33:26,629 [Worker-9] INFO  o.e.m.c.i.e.AbstractTransferListenerAdapter - Downloaded http://nexus.paypal.com/nexus/content/repositories/distro/net/sourceforge/htmlunit/neko-htmlunit/2.21/neko-htmlunit-2.21.pom
2016-07-27 23:33:26,678 [Worker-9] INFO  o.e.m.c.i.e.AbstractTransferListenerAdapter - Downloading http://repo1.maven.org/maven2/net/sourceforge/htmlunit/neko-htmlunit/2.21/neko-htmlunit-2.21.pom
2016-07-27 23:33:26,727 [Worker-9] INFO  o.e.m.c.i.e.AbstractTransferListenerAdapter - Downloaded http://repo1.maven.org/maven2/net/sourceforge/htmlunit/neko-htmlunit/2.21/neko-htmlunit-2.21.pom
2016-07-27 23:33:26,729 [Worker-9] INFO  o.e.m.c.i.e.AbstractTransferListenerAdapter - Downloaded http://repository/assetrepository/releases/net/sourceforge/cssparser/cssparser/0.9.18/cssparser-0.9.18.pom
2016-07-27 23:33:26,731 [Worker-9] INFO  o.e.m.c.i.e.AbstractTransferListenerAdapter - Downloaded http://repository/assetrepository/s/net/sourceforge/cssparser/cssparser/0.9.18/cssparser-0.9.18.pom
2016-07-27 23:33:26,732 [Worker-9] INFO  o.e.m.c.i.e.AbstractTransferListenerAdapter - Downloaded http://nexus.paypal.com/nexus/content/groups/public-all/net/sourceforge/cssparser/cssparser/0.9.18/cssparser-0.9.18.pom
2016-07-27 23:33:26,732 [Worker-9] INFO  o.e.m.c.i.e.AbstractTransferListenerAdapter - Downloaded http://nexus.paypal.com/nexus/content/groups/Public_Snapshot_Repositories/net/sourceforge/cssparser/cssparser/0.9.18/cssparser-0.9.18.pom
2016-07-27 23:33:26,733 [Worker-9] INFO  o.e.m.c.i.e.AbstractTransferListenerAdapter - Downloaded http://nexus.paypal.com/nexus/content/repositories/distro/net/sourceforge/cssparser/cssparser/0.9.18/cssparser-0.9.18.pom
2016-07-27 23:33:26,782 [Worker-9] INFO  o.e.m.c.i.e.AbstractTransferListenerAdapter - Downloading http://repo1.maven.org/maven2/net/sourceforge/cssparser/cssparser/0.9.18/cssparser-0.9.18.pom
2016-07-27 23:33:26,833 [Worker-9] INFO  o.e.m.c.i.e.AbstractTransferListenerAdapter - Downloaded http://repo1.maven.org/maven2/net/sourceforge/cssparser/cssparser/0.9.18/cssparser-0.9.18.pom
2016-07-27 23:33:26,836 [Worker-9] INFO  o.e.m.c.i.e.AbstractTransferListenerAdapter - Downloaded http://repository/assetrepository/releases/org/eclipse/jetty/websocket/websocket-client/9.2.15.v20160210/websocket-client-9.2.15.v20160210.pom
2016-07-27 23:33:26,837 [Worker-9] INFO  o.e.m.c.i.e.AbstractTransferListenerAdapter - Downloaded http://repository/assetrepository/s/org/eclipse/jetty/websocket/websocket-client/9.2.15.v20160210/websocket-client-9.2.15.v20160210.pom
2016-07-27 23:33:26,838 [Worker-9] INFO  o.e.m.c.i.e.AbstractTransferListenerAdapter - Downloaded http://nexus.paypal.com/nexus/content/groups/public-all/org/eclipse/jetty/websocket/websocket-client/9.2.15.v20160210/websocket-client-9.2.15.v20160210.pom
2016-07-27 23:33:26,838 [Worker-9] INFO  o.e.m.c.i.e.AbstractTransferListenerAdapter - Downloaded http://nexus.paypal.com/nexus/content/groups/Public_Snapshot_Repositories/org/eclipse/jetty/websocket/websocket-client/9.2.15.v20160210/websocket-client-9.2.15.v20160210.pom
2016-07-27 23:33:26,839 [Worker-9] INFO  o.e.m.c.i.e.AbstractTransferListenerAdapter - Downloaded http://nexus.paypal.com/nexus/content/repositories/distro/org/eclipse/jetty/websocket/websocket-client/9.2.15.v20160210/websocket-client-9.2.15.v20160210.pom
2016-07-27 23:33:26,888 [Worker-9] INFO  o.e.m.c.i.e.AbstractTransferListenerAdapter - Downloading http://repo1.maven.org/maven2/org/eclipse/jetty/websocket/websocket-client/9.2.15.v20160210/websocket-client-9.2.15.v20160210.pom
2016-07-27 23:33:26,938 [Worker-9] INFO  o.e.m.c.i.e.AbstractTransferListenerAdapter - Downloaded http://repo1.maven.org/maven2/org/eclipse/jetty/websocket/websocket-client/9.2.15.v20160210/websocket-client-9.2.15.v20160210.pom
2016-07-27 23:33:26,940 [Worker-9] INFO  o.e.m.c.i.e.AbstractTransferListenerAdapter - Downloaded http://repository/assetrepository/releases/org/eclipse/jetty/websocket/websocket-parent/9.2.15.v20160210/websocket-parent-9.2.15.v20160210.pom
2016-07-27 23:33:26,941 [Worker-9] INFO  o.e.m.c.i.e.AbstractTransferListenerAdapter - Downloaded http://repository/assetrepository/s/org/eclipse/jetty/websocket/websocket-parent/9.2.15.v20160210/websocket-parent-9.2.15.v20160210.pom
2016-07-27 23:33:26,942 [Worker-9] INFO  o.e.m.c.i.e.AbstractTransferListenerAdapter - Downloaded http://nexus.paypal.com/nexus/content/groups/public-all/org/eclipse/jetty/websocket/websocket-parent/9.2.15.v20160210/websocket-parent-9.2.15.v20160210.pom
2016-07-27 23:33:26,943 [Worker-9] INFO  o.e.m.c.i.e.AbstractTransferListenerAdapter - Downloaded http://nexus.paypal.com/nexus/content/groups/Public_Snapshot_Repositories/org/eclipse/jetty/websocket/websocket-parent/9.2.15.v20160210/websocket-parent-9.2.15.v20160210.pom
2016-07-27 23:33:26,944 [Worker-9] INFO  o.e.m.c.i.e.AbstractTransferListenerAdapter - Downloaded http://nexus.paypal.com/nexus/content/repositories/distro/org/eclipse/jetty/websocket/websocket-parent/9.2.15.v20160210/websocket-parent-9.2.15.v20160210.pom
2016-07-27 23:33:26,992 [Worker-9] INFO  o.e.m.c.i.e.AbstractTransferListenerAdapter - Downloading http://repo1.maven.org/maven2/org/eclipse/jetty/websocket/websocket-parent/9.2.15.v20160210/websocket-parent-9.2.15.v20160210.pom
2016-07-27 23:33:27,042 [Worker-9] INFO  o.e.m.c.i.e.AbstractTransferListenerAdapter - Downloaded http://repo1.maven.org/maven2/org/eclipse/jetty/websocket/websocket-parent/9.2.15.v20160210/websocket-parent-9.2.15.v20160210.pom
2016-07-27 23:33:27,044 [Worker-9] INFO  o.e.m.c.i.e.AbstractTransferListenerAdapter - Downloaded http://repository/assetrepository/releases/org/eclipse/jetty/jetty-project/9.2.15.v20160210/jetty-project-9.2.15.v20160210.pom
2016-07-27 23:33:27,046 [Worker-9] INFO  o.e.m.c.i.e.AbstractTransferListenerAdapter - Downloaded http://repository/assetrepository/s/org/eclipse/jetty/jetty-project/9.2.15.v20160210/jetty-project-9.2.15.v20160210.pom
2016-07-27 23:33:27,047 [Worker-9] INFO  o.e.m.c.i.e.AbstractTransferListenerAdapter - Downloaded http://nexus.paypal.com/nexus/content/groups/public-all/org/eclipse/jetty/jetty-project/9.2.15.v20160210/jetty-project-9.2.15.v20160210.pom
2016-07-27 23:33:27,047 [Worker-9] INFO  o.e.m.c.i.e.AbstractTransferListenerAdapter - Downloaded http://nexus.paypal.com/nexus/content/groups/Public_Snapshot_Repositories/org/eclipse/jetty/jetty-project/9.2.15.v20160210/jetty-project-9.2.15.v20160210.pom
2016-07-27 23:33:27,048 [Worker-9] INFO  o.e.m.c.i.e.AbstractTransferListenerAdapter - Downloaded http://nexus.paypal.com/nexus/content/repositories/distro/org/eclipse/jetty/jetty-project/9.2.15.v20160210/jetty-project-9.2.15.v20160210.pom
2016-07-27 23:33:27,097 [Worker-9] INFO  o.e.m.c.i.e.AbstractTransferListenerAdapter - Downloading http://repo1.maven.org/maven2/org/eclipse/jetty/jetty-project/9.2.15.v20160210/jetty-project-9.2.15.v20160210.pom
2016-07-27 23:33:27,148 [Worker-9] INFO  o.e.m.c.i.e.AbstractTransferListenerAdapter - Downloaded http://repo1.maven.org/maven2/org/eclipse/jetty/jetty-project/9.2.15.v20160210/jetty-project-9.2.15.v20160210.pom
2016-07-27 23:33:27,156 [Worker-9] INFO  o.e.m.c.i.e.AbstractTransferListenerAdapter - Downloaded http://repository/assetrepository/releases/org/eclipse/jetty/jetty-util/9.2.15.v20160210/jetty-util-9.2.15.v20160210.pom
2016-07-27 23:33:27,157 [Worker-9] INFO  o.e.m.c.i.e.AbstractTransferListenerAdapter - Downloaded http://repository/assetrepository/s/org/eclipse/jetty/jetty-util/9.2.15.v20160210/jetty-util-9.2.15.v20160210.pom
2016-07-27 23:33:27,158 [Worker-9] INFO  o.e.m.c.i.e.AbstractTransferListenerAdapter - Downloaded http://nexus.paypal.com/nexus/content/groups/public-all/org/eclipse/jetty/jetty-util/9.2.15.v20160210/jetty-util-9.2.15.v20160210.pom
2016-07-27 23:33:27,159 [Worker-9] INFO  o.e.m.c.i.e.AbstractTransferListenerAdapter - Downloaded http://nexus.paypal.com/nexus/content/groups/Public_Snapshot_Repositories/org/eclipse/jetty/jetty-util/9.2.15.v20160210/jetty-util-9.2.15.v20160210.pom
2016-07-27 23:33:27,160 [Worker-9] INFO  o.e.m.c.i.e.AbstractTransferListenerAdapter - Downloaded http://nexus.paypal.com/nexus/content/repositories/distro/org/eclipse/jetty/jetty-util/9.2.15.v20160210/jetty-util-9.2.15.v20160210.pom
2016-07-27 23:33:27,208 [Worker-9] INFO  o.e.m.c.i.e.AbstractTransferListenerAdapter - Downloading http://repo1.maven.org/maven2/org/eclipse/jetty/jetty-util/9.2.15.v20160210/jetty-util-9.2.15.v20160210.pom
2016-07-27 23:33:27,258 [Worker-9] INFO  o.e.m.c.i.e.AbstractTransferListenerAdapter - Downloaded http://repo1.maven.org/maven2/org/eclipse/jetty/jetty-util/9.2.15.v20160210/jetty-util-9.2.15.v20160210.pom
2016-07-27 23:33:27,262 [Worker-4] INFO  o.e.m.c.i.e.AbstractTransferListenerAdapter - Downloaded http://repository/assetrepository/releases/org/eclipse/jetty/jetty-io/9.2.15.v20160210/jetty-io-9.2.15.v20160210.pom
2016-07-27 23:33:27,264 [Worker-4] INFO  o.e.m.c.i.e.AbstractTransferListenerAdapter - Downloaded http://repository/assetrepository/s/org/eclipse/jetty/jetty-io/9.2.15.v20160210/jetty-io-9.2.15.v20160210.pom
2016-07-27 23:33:27,265 [Worker-4] INFO  o.e.m.c.i.e.AbstractTransferListenerAdapter - Downloaded http://nexus.paypal.com/nexus/content/groups/public-all/org/eclipse/jetty/jetty-io/9.2.15.v20160210/jetty-io-9.2.15.v20160210.pom
2016-07-27 23:33:27,265 [Worker-4] INFO  o.e.m.c.i.e.AbstractTransferListenerAdapter - Downloaded http://nexus.paypal.com/nexus/content/groups/Public_Snapshot_Repositories/org/eclipse/jetty/jetty-io/9.2.15.v20160210/jetty-io-9.2.15.v20160210.pom
2016-07-27 23:33:27,266 [Worker-4] INFO  o.e.m.c.i.e.AbstractTransferListenerAdapter - Downloaded http://nexus.paypal.com/nexus/content/repositories/distro/org/eclipse/jetty/jetty-io/9.2.15.v20160210/jetty-io-9.2.15.v20160210.pom
2016-07-27 23:33:27,315 [Worker-4] INFO  o.e.m.c.i.e.AbstractTransferListenerAdapter - Downloading http://repo1.maven.org/maven2/org/eclipse/jetty/jetty-io/9.2.15.v20160210/jetty-io-9.2.15.v20160210.pom
2016-07-27 23:33:27,365 [Worker-4] INFO  o.e.m.c.i.e.AbstractTransferListenerAdapter - Downloaded http://repo1.maven.org/maven2/org/eclipse/jetty/jetty-io/9.2.15.v20160210/jetty-io-9.2.15.v20160210.pom
2016-07-27 23:33:27,369 [Worker-9] INFO  o.e.m.c.i.e.AbstractTransferListenerAdapter - Downloaded http://repository/assetrepository/releases/org/eclipse/jetty/websocket/websocket-common/9.2.15.v20160210/websocket-common-9.2.15.v20160210.pom
2016-07-27 23:33:27,371 [Worker-9] INFO  o.e.m.c.i.e.AbstractTransferListenerAdapter - Downloaded http://repository/assetrepository/s/org/eclipse/jetty/websocket/websocket-common/9.2.15.v20160210/websocket-common-9.2.15.v20160210.pom
2016-07-27 23:33:27,371 [Worker-9] INFO  o.e.m.c.i.e.AbstractTransferListenerAdapter - Downloaded http://nexus.paypal.com/nexus/content/groups/public-all/org/eclipse/jetty/websocket/websocket-common/9.2.15.v20160210/websocket-common-9.2.15.v20160210.pom
2016-07-27 23:33:27,372 [Worker-9] INFO  o.e.m.c.i.e.AbstractTransferListenerAdapter - Downloaded http://nexus.paypal.com/nexus/content/groups/Public_Snapshot_Repositories/org/eclipse/jetty/websocket/websocket-common/9.2.15.v20160210/websocket-common-9.2.15.v20160210.pom
2016-07-27 23:33:27,373 [Worker-9] INFO  o.e.m.c.i.e.AbstractTransferListenerAdapter - Downloaded http://nexus.paypal.com/nexus/content/repositories/distro/org/eclipse/jetty/websocket/websocket-common/9.2.15.v20160210/websocket-common-9.2.15.v20160210.pom
2016-07-27 23:33:27,421 [Worker-9] INFO  o.e.m.c.i.e.AbstractTransferListenerAdapter - Downloading http://repo1.maven.org/maven2/org/eclipse/jetty/websocket/websocket-common/9.2.15.v20160210/websocket-common-9.2.15.v20160210.pom
2016-07-27 23:33:27,471 [Worker-9] INFO  o.e.m.c.i.e.AbstractTransferListenerAdapter - Downloaded http://repo1.maven.org/maven2/org/eclipse/jetty/websocket/websocket-common/9.2.15.v20160210/websocket-common-9.2.15.v20160210.pom
2016-07-27 23:33:27,476 [Worker-4] INFO  o.e.m.c.i.e.AbstractTransferListenerAdapter - Downloaded http://repository/assetrepository/releases/org/eclipse/jetty/websocket/websocket-api/9.2.15.v20160210/websocket-api-9.2.15.v20160210.pom
2016-07-27 23:33:27,477 [Worker-4] INFO  o.e.m.c.i.e.AbstractTransferListenerAdapter - Downloaded http://repository/assetrepository/s/org/eclipse/jetty/websocket/websocket-api/9.2.15.v20160210/websocket-api-9.2.15.v20160210.pom
2016-07-27 23:33:27,478 [Worker-4] INFO  o.e.m.c.i.e.AbstractTransferListenerAdapter - Downloaded http://nexus.paypal.com/nexus/content/groups/public-all/org/eclipse/jetty/websocket/websocket-api/9.2.15.v20160210/websocket-api-9.2.15.v20160210.pom
2016-07-27 23:33:27,479 [Worker-4] INFO  o.e.m.c.i.e.AbstractTransferListenerAdapter - Downloaded http://nexus.paypal.com/nexus/content/groups/Public_Snapshot_Repositories/org/eclipse/jetty/websocket/websocket-api/9.2.15.v20160210/websocket-api-9.2.15.v20160210.pom
2016-07-27 23:33:27,479 [Worker-4] INFO  o.e.m.c.i.e.AbstractTransferListenerAdapter - Downloaded http://nexus.paypal.com/nexus/content/repositories/distro/org/eclipse/jetty/websocket/websocket-api/9.2.15.v20160210/websocket-api-9.2.15.v20160210.pom
2016-07-27 23:33:27,529 [Worker-4] INFO  o.e.m.c.i.e.AbstractTransferListenerAdapter - Downloading http://repo1.maven.org/maven2/org/eclipse/jetty/websocket/websocket-api/9.2.15.v20160210/websocket-api-9.2.15.v20160210.pom
2016-07-27 23:33:27,579 [Worker-4] INFO  o.e.m.c.i.e.AbstractTransferListenerAdapter - Downloaded http://repo1.maven.org/maven2/org/eclipse/jetty/websocket/websocket-api/9.2.15.v20160210/websocket-api-9.2.15.v20160210.pom
2016-07-27 23:33:27,584 [Worker-4] INFO  o.e.m.c.i.e.AbstractTransferListenerAdapter - Downloaded http://repository/assetrepository/releases/commons-collections/commons-collections/3.2.2/commons-collections-3.2.2.pom
2016-07-27 23:33:27,585 [Worker-4] INFO  o.e.m.c.i.e.AbstractTransferListenerAdapter - Downloaded http://repository/assetrepository/s/commons-collections/commons-collections/3.2.2/commons-collections-3.2.2.pom
2016-07-27 23:33:27,586 [Worker-4] INFO  o.e.m.c.i.e.AbstractTransferListenerAdapter - Downloaded http://nexus.paypal.com/nexus/content/groups/public-all/commons-collections/commons-collections/3.2.2/commons-collections-3.2.2.pom
2016-07-27 23:33:27,586 [Worker-4] INFO  o.e.m.c.i.e.AbstractTransferListenerAdapter - Downloaded http://nexus.paypal.com/nexus/content/groups/Public_Snapshot_Repositories/commons-collections/commons-collections/3.2.2/commons-collections-3.2.2.pom
2016-07-27 23:33:27,587 [Worker-4] INFO  o.e.m.c.i.e.AbstractTransferListenerAdapter - Downloaded http://nexus.paypal.com/nexus/content/repositories/distro/commons-collections/commons-collections/3.2.2/commons-collections-3.2.2.pom
2016-07-27 23:33:27,636 [Worker-4] INFO  o.e.m.c.i.e.AbstractTransferListenerAdapter - Downloading http://repo1.maven.org/maven2/commons-collections/commons-collections/3.2.2/commons-collections-3.2.2.pom
2016-07-27 23:33:27,686 [Worker-4] INFO  o.e.m.c.i.e.AbstractTransferListenerAdapter - Downloaded http://repo1.maven.org/maven2/commons-collections/commons-collections/3.2.2/commons-collections-3.2.2.pom
2016-07-27 23:33:27,689 [Worker-4] INFO  o.e.m.c.i.e.AbstractTransferListenerAdapter - Downloaded http://repository/assetrepository/releases/org/apache/commons/commons-parent/39/commons-parent-39.pom
2016-07-27 23:33:27,690 [Worker-4] INFO  o.e.m.c.i.e.AbstractTransferListenerAdapter - Downloaded http://repository/assetrepository/s/org/apache/commons/commons-parent/39/commons-parent-39.pom
2016-07-27 23:33:27,691 [Worker-4] INFO  o.e.m.c.i.e.AbstractTransferListenerAdapter - Downloaded http://nexus.paypal.com/nexus/content/groups/public-all/org/apache/commons/commons-parent/39/commons-parent-39.pom
2016-07-27 23:33:27,692 [Worker-4] INFO  o.e.m.c.i.e.AbstractTransferListenerAdapter - Downloaded http://nexus.paypal.com/nexus/content/groups/Public_Snapshot_Repositories/org/apache/commons/commons-parent/39/commons-parent-39.pom
2016-07-27 23:33:27,692 [Worker-4] INFO  o.e.m.c.i.e.AbstractTransferListenerAdapter - Downloaded http://nexus.paypal.com/nexus/content/repositories/distro/org/apache/commons/commons-parent/39/commons-parent-39.pom
2016-07-27 23:33:27,741 [Worker-4] INFO  o.e.m.c.i.e.AbstractTransferListenerAdapter - Downloading http://repo1.maven.org/maven2/org/apache/commons/commons-parent/39/commons-parent-39.pom
2016-07-27 23:33:27,793 [Worker-4] INFO  o.e.m.c.i.e.AbstractTransferListenerAdapter - Downloaded http://repo1.maven.org/maven2/org/apache/commons/commons-parent/39/commons-parent-39.pom
2016-07-27 23:33:27,797 [Worker-4] INFO  o.e.m.c.i.e.AbstractTransferListenerAdapter - Downloaded http://repository/assetrepository/releases/org/seleniumhq/selenium/selenium-firefox-driver/2.53.1/selenium-firefox-driver-2.53.1.pom
2016-07-27 23:33:27,798 [Worker-4] INFO  o.e.m.c.i.e.AbstractTransferListenerAdapter - Downloaded http://repository/assetrepository/s/org/seleniumhq/selenium/selenium-firefox-driver/2.53.1/selenium-firefox-driver-2.53.1.pom
2016-07-27 23:33:27,799 [Worker-4] INFO  o.e.m.c.i.e.AbstractTransferListenerAdapter - Downloaded http://nexus.paypal.com/nexus/content/groups/public-all/org/seleniumhq/selenium/selenium-firefox-driver/2.53.1/selenium-firefox-driver-2.53.1.pom
2016-07-27 23:33:27,800 [Worker-4] INFO  o.e.m.c.i.e.AbstractTransferListenerAdapter - Downloaded http://nexus.paypal.com/nexus/content/groups/Public_Snapshot_Repositories/org/seleniumhq/selenium/selenium-firefox-driver/2.53.1/selenium-firefox-driver-2.53.1.pom
2016-07-27 23:33:27,801 [Worker-4] INFO  o.e.m.c.i.e.AbstractTransferListenerAdapter - Downloaded http://nexus.paypal.com/nexus/content/repositories/distro/org/seleniumhq/selenium/selenium-firefox-driver/2.53.1/selenium-firefox-driver-2.53.1.pom
2016-07-27 23:33:27,849 [Worker-4] INFO  o.e.m.c.i.e.AbstractTransferListenerAdapter - Downloading http://repo1.maven.org/maven2/org/seleniumhq/selenium/selenium-firefox-driver/2.53.1/selenium-firefox-driver-2.53.1.pom
2016-07-27 23:33:27,899 [Worker-4] INFO  o.e.m.c.i.e.AbstractTransferListenerAdapter - Downloaded http://repo1.maven.org/maven2/org/seleniumhq/selenium/selenium-firefox-driver/2.53.1/selenium-firefox-driver-2.53.1.pom
2016-07-27 23:33:27,902 [Worker-4] INFO  o.e.m.c.i.e.AbstractTransferListenerAdapter - Downloaded http://repository/assetrepository/releases/org/seleniumhq/selenium/selenium-ie-driver/2.53.1/selenium-ie-driver-2.53.1.pom
2016-07-27 23:33:27,903 [Worker-4] INFO  o.e.m.c.i.e.AbstractTransferListenerAdapter - Downloaded http://repository/assetrepository/s/org/seleniumhq/selenium/selenium-ie-driver/2.53.1/selenium-ie-driver-2.53.1.pom
2016-07-27 23:33:27,903 [Worker-4] INFO  o.e.m.c.i.e.AbstractTransferListenerAdapter - Downloaded http://nexus.paypal.com/nexus/content/groups/public-all/org/seleniumhq/selenium/selenium-ie-driver/2.53.1/selenium-ie-driver-2.53.1.pom
2016-07-27 23:33:27,904 [Worker-4] INFO  o.e.m.c.i.e.AbstractTransferListenerAdapter - Downloaded http://nexus.paypal.com/nexus/content/groups/Public_Snapshot_Repositories/org/seleniumhq/selenium/selenium-ie-driver/2.53.1/selenium-ie-driver-2.53.1.pom
2016-07-27 23:33:27,905 [Worker-4] INFO  o.e.m.c.i.e.AbstractTransferListenerAdapter - Downloaded http://nexus.paypal.com/nexus/content/repositories/distro/org/seleniumhq/selenium/selenium-ie-driver/2.53.1/selenium-ie-driver-2.53.1.pom
2016-07-27 23:33:27,953 [Worker-4] INFO  o.e.m.c.i.e.AbstractTransferListenerAdapter - Downloading http://repo1.maven.org/maven2/org/seleniumhq/selenium/selenium-ie-driver/2.53.1/selenium-ie-driver-2.53.1.pom
2016-07-27 23:33:28,003 [Worker-4] INFO  o.e.m.c.i.e.AbstractTransferListenerAdapter - Downloaded http://repo1.maven.org/maven2/org/seleniumhq/selenium/selenium-ie-driver/2.53.1/selenium-ie-driver-2.53.1.pom
2016-07-27 23:33:28,006 [Worker-4] INFO  o.e.m.c.i.e.AbstractTransferListenerAdapter - Downloaded http://repository/assetrepository/releases/org/seleniumhq/selenium/selenium-safari-driver/2.53.1/selenium-safari-driver-2.53.1.pom
2016-07-27 23:33:28,008 [Worker-4] INFO  o.e.m.c.i.e.AbstractTransferListenerAdapter - Downloaded http://repository/assetrepository/s/org/seleniumhq/selenium/selenium-safari-driver/2.53.1/selenium-safari-driver-2.53.1.pom
2016-07-27 23:33:28,009 [Worker-4] INFO  o.e.m.c.i.e.AbstractTransferListenerAdapter - Downloaded http://nexus.paypal.com/nexus/content/groups/public-all/org/seleniumhq/selenium/selenium-safari-driver/2.53.1/selenium-safari-driver-2.53.1.pom
2016-07-27 23:33:28,010 [Worker-4] INFO  o.e.m.c.i.e.AbstractTransferListenerAdapter - Downloaded http://nexus.paypal.com/nexus/content/groups/Public_Snapshot_Repositories/org/seleniumhq/selenium/selenium-safari-driver/2.53.1/selenium-safari-driver-2.53.1.pom
2016-07-27 23:33:28,011 [Worker-4] INFO  o.e.m.c.i.e.AbstractTransferListenerAdapter - Downloaded http://nexus.paypal.com/nexus/content/repositories/distro/org/seleniumhq/selenium/selenium-safari-driver/2.53.1/selenium-safari-driver-2.53.1.pom
2016-07-27 23:33:28,060 [Worker-4] INFO  o.e.m.c.i.e.AbstractTransferListenerAdapter - Downloading http://repo1.maven.org/maven2/org/seleniumhq/selenium/selenium-safari-driver/2.53.1/selenium-safari-driver-2.53.1.pom
2016-07-27 23:33:28,110 [Worker-4] INFO  o.e.m.c.i.e.AbstractTransferListenerAdapter - Downloaded http://repo1.maven.org/maven2/org/seleniumhq/selenium/selenium-safari-driver/2.53.1/selenium-safari-driver-2.53.1.pom
2016-07-27 23:33:28,113 [Worker-4] INFO  o.e.m.c.i.e.AbstractTransferListenerAdapter - Downloaded http://repository/assetrepository/releases/io/netty/netty/3.5.7.Final/netty-3.5.7.Final.pom
2016-07-27 23:33:28,114 [Worker-4] INFO  o.e.m.c.i.e.AbstractTransferListenerAdapter - Downloaded http://repository/assetrepository/s/io/netty/netty/3.5.7.Final/netty-3.5.7.Final.pom
2016-07-27 23:33:28,115 [Worker-4] INFO  o.e.m.c.i.e.AbstractTransferListenerAdapter - Downloaded http://nexus.paypal.com/nexus/content/groups/public-all/io/netty/netty/3.5.7.Final/netty-3.5.7.Final.pom
2016-07-27 23:33:28,116 [Worker-4] INFO  o.e.m.c.i.e.AbstractTransferListenerAdapter - Downloaded http://nexus.paypal.com/nexus/content/groups/Public_Snapshot_Repositories/io/netty/netty/3.5.7.Final/netty-3.5.7.Final.pom
2016-07-27 23:33:28,117 [Worker-4] INFO  o.e.m.c.i.e.AbstractTransferListenerAdapter - Downloaded http://nexus.paypal.com/nexus/content/repositories/distro/io/netty/netty/3.5.7.Final/netty-3.5.7.Final.pom
2016-07-27 23:33:28,166 [Worker-4] INFO  o.e.m.c.i.e.AbstractTransferListenerAdapter - Downloading http://repo1.maven.org/maven2/io/netty/netty/3.5.7.Final/netty-3.5.7.Final.pom
2016-07-27 23:33:28,216 [Worker-4] INFO  o.e.m.c.i.e.AbstractTransferListenerAdapter - Downloaded http://repo1.maven.org/maven2/io/netty/netty/3.5.7.Final/netty-3.5.7.Final.pom
2016-07-27 23:33:28,220 [Worker-4] INFO  o.e.m.c.i.e.AbstractTransferListenerAdapter - Downloaded http://repository/assetrepository/releases/org/seleniumhq/selenium/selenium-support/2.53.1/selenium-support-2.53.1.pom
2016-07-27 23:33:28,221 [Worker-4] INFO  o.e.m.c.i.e.AbstractTransferListenerAdapter - Downloaded http://repository/assetrepository/s/org/seleniumhq/selenium/selenium-support/2.53.1/selenium-support-2.53.1.pom
2016-07-27 23:33:28,222 [Worker-4] INFO  o.e.m.c.i.e.AbstractTransferListenerAdapter - Downloaded http://nexus.paypal.com/nexus/content/groups/public-all/org/seleniumhq/selenium/selenium-support/2.53.1/selenium-support-2.53.1.pom
2016-07-27 23:33:28,223 [Worker-4] INFO  o.e.m.c.i.e.AbstractTransferListenerAdapter - Downloaded http://nexus.paypal.com/nexus/content/groups/Public_Snapshot_Repositories/org/seleniumhq/selenium/selenium-support/2.53.1/selenium-support-2.53.1.pom
2016-07-27 23:33:28,224 [Worker-4] INFO  o.e.m.c.i.e.AbstractTransferListenerAdapter - Downloaded http://nexus.paypal.com/nexus/content/repositories/distro/org/seleniumhq/selenium/selenium-support/2.53.1/selenium-support-2.53.1.pom
2016-07-27 23:33:28,272 [Worker-4] INFO  o.e.m.c.i.e.AbstractTransferListenerAdapter - Downloading http://repo1.maven.org/maven2/org/seleniumhq/selenium/selenium-support/2.53.1/selenium-support-2.53.1.pom
2016-07-27 23:33:28,322 [Worker-4] INFO  o.e.m.c.i.e.AbstractTransferListenerAdapter - Downloaded http://repo1.maven.org/maven2/org/seleniumhq/selenium/selenium-support/2.53.1/selenium-support-2.53.1.pom
2016-07-27 23:33:28,325 [Worker-4] INFO  o.e.m.c.i.e.AbstractTransferListenerAdapter - Downloaded http://repository/assetrepository/releases/org/seleniumhq/selenium/selenium-leg-rc/2.53.1/selenium-leg-rc-2.53.1.pom
2016-07-27 23:33:28,326 [Worker-4] INFO  o.e.m.c.i.e.AbstractTransferListenerAdapter - Downloaded http://repository/assetrepository/s/org/seleniumhq/selenium/selenium-leg-rc/2.53.1/selenium-leg-rc-2.53.1.pom
2016-07-27 23:33:28,327 [Worker-4] INFO  o.e.m.c.i.e.AbstractTransferListenerAdapter - Downloaded http://nexus.paypal.com/nexus/content/groups/public-all/org/seleniumhq/selenium/selenium-leg-rc/2.53.1/selenium-leg-rc-2.53.1.pom
2016-07-27 23:33:28,328 [Worker-4] INFO  o.e.m.c.i.e.AbstractTransferListenerAdapter - Downloaded http://nexus.paypal.com/nexus/content/groups/Public_Snapshot_Repositories/org/seleniumhq/selenium/selenium-leg-rc/2.53.1/selenium-leg-rc-2.53.1.pom
2016-07-27 23:33:28,328 [Worker-4] INFO  o.e.m.c.i.e.AbstractTransferListenerAdapter - Downloaded http://nexus.paypal.com/nexus/content/repositories/distro/org/seleniumhq/selenium/selenium-leg-rc/2.53.1/selenium-leg-rc-2.53.1.pom
2016-07-27 23:33:28,377 [Worker-4] INFO  o.e.m.c.i.e.AbstractTransferListenerAdapter - Downloading http://repo1.maven.org/maven2/org/seleniumhq/selenium/selenium-leg-rc/2.53.1/selenium-leg-rc-2.53.1.pom
2016-07-27 23:33:28,427 [Worker-4] INFO  o.e.m.c.i.e.AbstractTransferListenerAdapter - Downloaded http://repo1.maven.org/maven2/org/seleniumhq/selenium/selenium-leg-rc/2.53.1/selenium-leg-rc-2.53.1.pom
2016-07-27 23:33:28,519 [Worker-9] WARN  o.e.m.c.i.embedder.EclipseLogger - Using platform encoding (UTF-8 actually) to copy filtered resources, i.e. build is platform dependent!
2016-07-27 23:33:28,520 [Worker-9] INFO  o.e.m.c.i.embedder.EclipseLogger - Copying 0 resource
2016-07-27 23:33:28,521 [Worker-9] WARN  o.e.m.c.i.embedder.EclipseLogger - Using platform encoding (UTF-8 actually) to copy filtered resources, i.e. build is platform dependent!
2016-07-27 23:33:28,522 [Worker-9] INFO  o.e.m.c.i.embedder.EclipseLogger - Copying 0 resource
2016-07-27 23:33:52,377 [Worker-4] INFO  o.e.m.c.i.l.LifecycleMappingFactory - Using org.eclipse.m2e.jdt.JarLifecycleMapping lifecycle mapping for MavenProject: com.mobile:com.mobile:0.0.1-SNAPSHOT @ /Users/bbheemanadham/mobileautomation/com.mobile/pom.xml.
2016-07-27 23:33:52,559 [Worker-4] WARN  o.e.m.c.i.embedder.EclipseLogger - Using platform encoding (UTF-8 actually) to copy filtered resources, i.e. build is platform dependent!
2016-07-27 23:33:52,560 [Worker-4] INFO  o.e.m.c.i.embedder.EclipseLogger - Copying 0 resource
2016-07-27 23:33:52,561 [Worker-4] WARN  o.e.m.c.i.embedder.EclipseLogger - Using platform encoding (UTF-8 actually) to copy filtered resources, i.e. build is platform dependent!
2016-07-27 23:33:52,561 [Worker-4] INFO  o.e.m.c.i.embedder.EclipseLogger - Copying 0 resource
2016-07-27 23:35:27,912 [Worker-18] INFO  o.e.m.i.launch.MavenLaunchDelegate - /Users/bbheemanadham/mobileautomation/com.mobile
2016-07-27 23:35:27,913 [Worker-18] INFO  o.e.m.i.launch.MavenLaunchDelegate -  mvn  -B clean
2016-07-27 23:35:29,434 [Worker-21] WARN  o.e.m.c.i.embedder.EclipseLogger - Using platform encoding (UTF-8 actually) to copy filtered resources, i.e. build is platform dependent!
2016-07-27 23:35:29,437 [Worker-21] INFO  o.e.m.c.i.embedder.EclipseLogger - Copying 0 resource
2016-07-27 23:35:29,438 [Worker-21] WARN  o.e.m.c.i.embedder.EclipseLogger - Using platform encoding (UTF-8 actually) to copy filtered resources, i.e. build is platform dependent!
2016-07-27 23:35:29,439 [Worker-21] INFO  o.e.m.c.i.embedder.EclipseLogger - Copying 0 resource
2016-07-27 23:35:37,680 [Worker-18] INFO  o.e.m.i.launch.MavenLaunchDelegate - /Users/bbheemanadham/mobileautomation/com.mobile
2016-07-27 23:35:37,680 [Worker-18] INFO  o.e.m.i.launch.MavenLaunchDelegate -  mvn  -B generate-sources
2016-07-27 23:35:44,859 [Worker-21] INFO  o.e.m.i.launch.MavenLaunchDelegate - /Users/bbheemanadham/mobileautomation/com.mobile
2016-07-27 23:35:44,859 [Worker-21] INFO  o.e.m.i.launch.MavenLaunchDelegate -  mvn  -B install
2016-07-27 23:35:51,755 [Worker-22] WARN  o.e.m.c.i.embedder.EclipseLogger - Using platform encoding (UTF-8 actually) to copy filtered resources, i.e. build is platform dependent!
2016-07-27 23:35:51,756 [Worker-22] INFO  o.e.m.c.i.embedder.EclipseLogger - Copying 0 resource
2016-07-27 23:35:51,757 [Worker-22] WARN  o.e.m.c.i.embedder.EclipseLogger - Using platform encoding (UTF-8 actually) to copy filtered resources, i.e. build is platform dependent!
2016-07-27 23:35:51,757 [Worker-22] INFO  o.e.m.c.i.embedder.EclipseLogger - Copying 0 resource
2016-07-27 23:35:58,942 [Worker-22] INFO  o.e.m.c.i.p.ProjectConfigurationManager - Update started
2016-07-27 23:35:59,087 [Worker-22] INFO  o.e.m.c.i.l.LifecycleMappingFactory - Using org.eclipse.m2e.jdt.JarLifecycleMapping lifecycle mapping for MavenProject: com.mobile:com.mobile:0.0.1-SNAPSHOT @ /Users/bbheemanadham/mobileautomation/com.mobile/pom.xml.
2016-07-27 23:35:59,297 [Worker-22] INFO  o.e.m.j.i.AbstractJavaProjectConfigurator - Adding source folder /com.mobile/src/main/java
2016-07-27 23:35:59,297 [Worker-22] INFO  o.e.m.j.i.AbstractJavaProjectConfigurator - Adding resource folder /com.mobile/src/main/resources
2016-07-27 23:35:59,298 [Worker-22] INFO  o.e.m.j.i.AbstractJavaProjectConfigurator - Adding source folder /com.mobile/src/test/java
2016-07-27 23:35:59,298 [Worker-22] INFO  o.e.m.j.i.AbstractJavaProjectConfigurator - Adding resource folder /com.mobile/src/test/resources
2016-07-27 23:35:59,361 [Worker-22] INFO  o.e.m.c.i.p.ProjectConfigurationManager - Update completed: 0 sec
2016-07-27 23:35:59,629 [Worker-22] WARN  o.e.m.c.i.embedder.EclipseLogger - Using platform encoding (UTF-8 actually) to copy filtered resources, i.e. build is platform dependent!
2016-07-27 23:35:59,630 [Worker-22] INFO  o.e.m.c.i.embedder.EclipseLogger - Copying 0 resource
2016-07-27 23:35:59,631 [Worker-22] WARN  o.e.m.c.i.embedder.EclipseLogger - Using platform encoding (UTF-8 actually) to copy filtered resources, i.e. build is platform dependent!
2016-07-27 23:35:59,633 [Worker-22] INFO  o.e.m.c.i.embedder.EclipseLogger - Copying 0 resource
2016-07-28 23:01:16,343 [Worker-2] WARN  o.e.m.c.i.embedder.EclipseLogger - Using platform encoding (UTF-8 actually) to copy filtered resources, i.e. build is platform dependent!
2016-07-28 23:01:16,360 [Worker-2] INFO  o.e.m.c.i.embedder.EclipseLogger - Copying 0 resource
2016-07-28 23:01:16,362 [Worker-2] WARN  o.e.m.c.i.embedder.EclipseLogger - Using platform encoding (UTF-8 actually) to copy filtered resources, i.e. build is platform dependent!
2016-07-28 23:01:16,362 [Worker-2] INFO  o.e.m.c.i.embedder.EclipseLogger - Copying 0 resource
2016-07-28 23:04:39,745 [Worker-17] WARN  o.e.m.c.i.embedder.EclipseLogger - Using platform encoding (UTF-8 actually) to copy filtered resources, i.e. build is platform dependent!
2016-07-28 23:04:39,749 [Worker-17] INFO  o.e.m.c.i.embedder.EclipseLogger - Copying 0 resource
2016-07-28 23:04:39,751 [Worker-17] WARN  o.e.m.c.i.embedder.EclipseLogger - Using platform encoding (UTF-8 actually) to copy filtered resources, i.e. build is platform dependent!
2016-07-28 23:04:39,754 [Worker-17] INFO  o.e.m.c.i.embedder.EclipseLogger - Copying 0 resource
2016-07-28 23:13:49,167 [Worker-10] WARN  o.e.m.c.i.embedder.EclipseLogger - Using platform encoding (UTF-8 actually) to copy filtered resources, i.e. build is platform dependent!
2016-07-28 23:13:49,179 [Worker-10] INFO  o.e.m.c.i.embedder.EclipseLogger - Copying 0 resource
2016-07-28 23:13:49,181 [Worker-10] WARN  o.e.m.c.i.embedder.EclipseLogger - Using platform encoding (UTF-8 actually) to copy filtered resources, i.e. build is platform dependent!
2016-07-28 23:13:49,182 [Worker-10] INFO  o.e.m.c.i.embedder.EclipseLogger - Copying 0 resource
2016-07-28 23:14:11,195 [Worker-9] WARN  o.e.m.c.i.embedder.EclipseLogger - Using platform encoding (UTF-8 actually) to copy filtered resources, i.e. build is platform dependent!
2016-07-28 23:14:11,198 [Worker-9] INFO  o.e.m.c.i.embedder.EclipseLogger - Copying 0 resource
2016-07-28 23:14:11,199 [Worker-9] WARN  o.e.m.c.i.embedder.EclipseLogger - Using platform encoding (UTF-8 actually) to copy filtered resources, i.e. build is platform dependent!
2016-07-28 23:14:11,201 [Worker-9] INFO  o.e.m.c.i.embedder.EclipseLogger - Copying 0 resource
2016-07-28 23:20:46,893 [Worker-17] WARN  o.e.m.c.i.embedder.EclipseLogger - Using platform encoding (UTF-8 actually) to copy filtered resources, i.e. build is platform dependent!
2016-07-28 23:20:46,893 [Worker-17] INFO  o.e.m.c.i.embedder.EclipseLogger - Copying 0 resource
2016-07-28 23:20:46,894 [Worker-17] WARN  o.e.m.c.i.embedder.EclipseLogger - Using platform encoding (UTF-8 actually) to copy filtered resources, i.e. build is platform dependent!
2016-07-28 23:20:46,896 [Worker-17] INFO  o.e.m.c.i.embedder.EclipseLogger - Copying 1 resource
2016-07-28 23:23:36,322 [Worker-4] WARN  o.e.m.c.i.embedder.EclipseLogger - Using platform encoding (UTF-8 actually) to copy filtered resources, i.e. build is platform dependent!
2016-07-28 23:23:36,322 [Worker-4] INFO  o.e.m.c.i.embedder.EclipseLogger - Copying 0 resource
2016-07-28 23:23:36,323 [Worker-4] WARN  o.e.m.c.i.embedder.EclipseLogger - Using platform encoding (UTF-8 actually) to copy filtered resources, i.e. build is platform dependent!
2016-07-28 23:23:36,324 [Worker-4] INFO  o.e.m.c.i.embedder.EclipseLogger - Copying 1 resource
2016-07-28 23:37:04,227 [Worker-1] WARN  o.e.m.c.i.embedder.EclipseLogger - Using platform encoding (UTF-8 actually) to copy filtered resources, i.e. build is platform dependent!
2016-07-28 23:37:04,240 [Worker-1] INFO  o.e.m.c.i.embedder.EclipseLogger - Copying 0 resource
2016-07-28 23:37:04,243 [Worker-1] WARN  o.e.m.c.i.embedder.EclipseLogger - Using platform encoding (UTF-8 actually) to copy filtered resources, i.e. build is platform dependent!
2016-07-28 23:37:04,244 [Worker-1] INFO  o.e.m.c.i.embedder.EclipseLogger - Copying 1 resource
2016-07-29 23:11:51,401 [Worker-4] WARN  o.e.m.c.i.embedder.EclipseLogger - Using platform encoding (UTF-8 actually) to copy filtered resources, i.e. build is platform dependent!
2016-07-29 23:11:51,417 [Worker-4] INFO  o.e.m.c.i.embedder.EclipseLogger - Copying 0 resource
2016-07-29 23:11:51,419 [Worker-4] WARN  o.e.m.c.i.embedder.EclipseLogger - Using platform encoding (UTF-8 actually) to copy filtered resources, i.e. build is platform dependent!
2016-07-29 23:11:51,419 [Worker-4] INFO  o.e.m.c.i.embedder.EclipseLogger - Copying 1 resource
2016-07-29 23:35:30,813 [Worker-26] WARN  o.e.m.c.i.embedder.EclipseLogger - Using platform encoding (UTF-8 actually) to copy filtered resources, i.e. build is platform dependent!
2016-07-29 23:35:30,817 [Worker-26] INFO  o.e.m.c.i.embedder.EclipseLogger - Copying 0 resource
2016-07-29 23:35:30,819 [Worker-26] WARN  o.e.m.c.i.embedder.EclipseLogger - Using platform encoding (UTF-8 actually) to copy filtered resources, i.e. build is platform dependent!
2016-07-29 23:35:30,826 [Worker-26] INFO  o.e.m.c.i.embedder.EclipseLogger - Copying 1 resource
2016-07-30 07:35:09,957 [Worker-20] WARN  o.e.m.c.i.embedder.EclipseLogger - Using platform encoding (UTF-8 actually) to copy filtered resources, i.e. build is platform dependent!
2016-07-30 07:35:09,978 [Worker-20] INFO  o.e.m.c.i.embedder.EclipseLogger - Copying 0 resource
2016-07-30 07:35:09,980 [Worker-20] WARN  o.e.m.c.i.embedder.EclipseLogger - Using platform encoding (UTF-8 actually) to copy filtered resources, i.e. build is platform dependent!
2016-07-30 07:35:09,980 [Worker-20] INFO  o.e.m.c.i.embedder.EclipseLogger - Copying 1 resource
2016-07-30 22:30:48,479 [Worker-74] WARN  o.e.m.c.i.embedder.EclipseLogger - Using platform encoding (UTF-8 actually) to copy filtered resources, i.e. build is platform dependent!
2016-07-30 22:30:48,487 [Worker-74] INFO  o.e.m.c.i.embedder.EclipseLogger - Copying 0 resource
2016-07-30 22:30:48,488 [Worker-74] WARN  o.e.m.c.i.embedder.EclipseLogger - Using platform encoding (UTF-8 actually) to copy filtered resources, i.e. build is platform dependent!
2016-07-30 22:30:48,491 [Worker-74] INFO  o.e.m.c.i.embedder.EclipseLogger - Copying 1 resource
2016-07-30 23:19:33,955 [Worker-92] WARN  o.e.m.c.i.embedder.EclipseLogger - Using platform encoding (UTF-8 actually) to copy filtered resources, i.e. build is platform dependent!
2016-07-30 23:19:33,959 [Worker-92] INFO  o.e.m.c.i.embedder.EclipseLogger - Copying 0 resource
2016-07-30 23:19:33,960 [Worker-92] WARN  o.e.m.c.i.embedder.EclipseLogger - Using platform encoding (UTF-8 actually) to copy filtered resources, i.e. build is platform dependent!
2016-07-30 23:19:33,960 [Worker-92] INFO  o.e.m.c.i.embedder.EclipseLogger - Copying 1 resource
2016-07-31 21:37:04,250 [Worker-203] WARN  o.e.m.c.i.embedder.EclipseLogger - Using platform encoding (UTF-8 actually) to copy filtered resources, i.e. build is platform dependent!
2016-07-31 21:37:04,251 [Worker-203] INFO  o.e.m.c.i.embedder.EclipseLogger - Copying 0 resource
2016-07-31 21:37:04,252 [Worker-203] WARN  o.e.m.c.i.embedder.EclipseLogger - Using platform encoding (UTF-8 actually) to copy filtered resources, i.e. build is platform dependent!
2016-07-31 21:37:04,253 [Worker-203] INFO  o.e.m.c.i.embedder.EclipseLogger - Copying 1 resource
2016-07-31 21:41:21,275 [Worker-208] INFO  o.e.m.c.i.l.LifecycleMappingFactory - Using org.eclipse.m2e.jdt.JarLifecycleMapping lifecycle mapping for MavenProject: com.mobile:com.mobile:0.0.1-SNAPSHOT @ /Users/bbheemanadham/mobileautomation/com.mobile/pom.xml.
2016-07-31 21:41:21,592 [Worker-208] INFO  o.e.m.c.i.e.AbstractTransferListenerAdapter - Downloaded http://repository/assetrepository/releases/io/appium/java-client/3.3.0/java-client-3.3.0.pom
2016-07-31 21:41:21,595 [Worker-208] INFO  o.e.m.c.i.e.AbstractTransferListenerAdapter - Downloaded http://repository/assetrepository/s/io/appium/java-client/3.3.0/java-client-3.3.0.pom
2016-07-31 21:41:21,694 [Worker-208] INFO  o.e.m.c.i.e.AbstractTransferListenerAdapter - Downloaded http://nexus.paypal.com/nexus/content/groups/public-all/io/appium/java-client/3.3.0/java-client-3.3.0.pom
2016-07-31 21:41:21,695 [Worker-208] INFO  o.e.m.c.i.e.AbstractTransferListenerAdapter - Downloaded http://nexus.paypal.com/nexus/content/groups/Public_Snapshot_Repositories/io/appium/java-client/3.3.0/java-client-3.3.0.pom
2016-07-31 21:41:21,697 [Worker-208] INFO  o.e.m.c.i.e.AbstractTransferListenerAdapter - Downloaded http://nexus.paypal.com/nexus/content/repositories/distro/io/appium/java-client/3.3.0/java-client-3.3.0.pom
2016-07-31 21:41:22,323 [Worker-208] INFO  o.e.m.c.i.e.AbstractTransferListenerAdapter - Downloading http://repo1.maven.org/maven2/io/appium/java-client/3.3.0/java-client-3.3.0.pom
2016-07-31 21:41:22,398 [Worker-208] INFO  o.e.m.c.i.e.AbstractTransferListenerAdapter - Downloaded http://repo1.maven.org/maven2/io/appium/java-client/3.3.0/java-client-3.3.0.pom
2016-07-31 21:41:22,836 [Worker-208] INFO  o.e.m.c.i.e.AbstractTransferListenerAdapter - Downloaded http://repository/assetrepository/releases/io/appium/java-client/3.3.0/java-client-3.3.0.jar
2016-07-31 21:41:22,836 [Worker-208] INFO  o.e.m.c.i.e.AbstractTransferListenerAdapter - Downloaded http://repository/assetrepository/releases/commons-beanutils/commons-beanutils/1.8.3/commons-beanutils-1.8.3.jar
2016-07-31 21:41:22,839 [Worker-208] INFO  o.e.m.c.i.e.AbstractTransferListenerAdapter - Downloaded http://repository/assetrepository/s/io/appium/java-client/3.3.0/java-client-3.3.0.jar
2016-07-31 21:41:22,839 [Worker-208] INFO  o.e.m.c.i.e.AbstractTransferListenerAdapter - Downloaded http://repository/assetrepository/s/commons-beanutils/commons-beanutils/1.8.3/commons-beanutils-1.8.3.jar
2016-07-31 21:41:22,841 [Worker-208] INFO  o.e.m.c.i.e.AbstractTransferListenerAdapter - Downloaded http://nexus.paypal.com/nexus/content/groups/public-all/io/appium/java-client/3.3.0/java-client-3.3.0.jar
2016-07-31 21:41:22,842 [Worker-208] INFO  o.e.m.c.i.e.AbstractTransferListenerAdapter - Downloaded http://nexus.paypal.com/nexus/content/groups/public-all/commons-beanutils/commons-beanutils/1.8.3/commons-beanutils-1.8.3.jar
2016-07-31 21:41:22,843 [Worker-208] INFO  o.e.m.c.i.e.AbstractTransferListenerAdapter - Downloaded http://nexus.paypal.com/nexus/content/groups/Public_Snapshot_Repositories/io/appium/java-client/3.3.0/java-client-3.3.0.jar
2016-07-31 21:41:22,844 [Worker-208] INFO  o.e.m.c.i.e.AbstractTransferListenerAdapter - Downloaded http://nexus.paypal.com/nexus/content/groups/Public_Snapshot_Repositories/commons-beanutils/commons-beanutils/1.8.3/commons-beanutils-1.8.3.jar
2016-07-31 21:41:22,846 [Worker-208] INFO  o.e.m.c.i.e.AbstractTransferListenerAdapter - Downloaded http://nexus.paypal.com/nexus/content/repositories/distro/io/appium/java-client/3.3.0/java-client-3.3.0.jar
2016-07-31 21:41:22,847 [Worker-208] INFO  o.e.m.c.i.e.AbstractTransferListenerAdapter - Downloaded http://nexus.paypal.com/nexus/content/repositories/distro/commons-beanutils/commons-beanutils/1.8.3/commons-beanutils-1.8.3.jar
2016-07-31 21:41:22,901 [Worker-208] INFO  o.e.m.c.i.e.AbstractTransferListenerAdapter - Downloading http://repo1.maven.org/maven2/io/appium/java-client/3.3.0/java-client-3.3.0.jar
2016-07-31 21:41:23,119 [Worker-208] INFO  o.e.m.c.i.e.AbstractTransferListenerAdapter - Downloaded http://repo1.maven.org/maven2/io/appium/java-client/3.3.0/java-client-3.3.0.jar
2016-07-31 21:41:23,169 [Worker-208] INFO  o.e.m.c.i.e.AbstractTransferListenerAdapter - Downloading http://repo1.maven.org/maven2/commons-beanutils/commons-beanutils/1.8.3/commons-beanutils-1.8.3.jar
2016-07-31 21:41:23,365 [Worker-208] INFO  o.e.m.c.i.e.AbstractTransferListenerAdapter - Downloaded http://repo1.maven.org/maven2/commons-beanutils/commons-beanutils/1.8.3/commons-beanutils-1.8.3.jar
2016-07-31 21:41:24,024 [Worker-208] WARN  o.e.m.c.i.embedder.EclipseLogger - Using platform encoding (UTF-8 actually) to copy filtered resources, i.e. build is platform dependent!
2016-07-31 21:41:24,027 [Worker-208] INFO  o.e.m.c.i.embedder.EclipseLogger - Copying 0 resource
2016-07-31 21:41:24,030 [Worker-208] WARN  o.e.m.c.i.embedder.EclipseLogger - Using platform encoding (UTF-8 actually) to copy filtered resources, i.e. build is platform dependent!
2016-07-31 21:41:24,030 [Worker-208] INFO  o.e.m.c.i.embedder.EclipseLogger - Copying 0 resource
2016-07-31 21:41:26,343 [Worker-203] WARN  o.e.m.c.i.embedder.EclipseLogger - Using platform encoding (UTF-8 actually) to copy filtered resources, i.e. build is platform dependent!
2016-07-31 21:41:26,348 [Worker-203] INFO  o.e.m.c.i.embedder.EclipseLogger - Copying 0 resource
2016-07-31 21:41:26,350 [Worker-203] WARN  o.e.m.c.i.embedder.EclipseLogger - Using platform encoding (UTF-8 actually) to copy filtered resources, i.e. build is platform dependent!
2016-07-31 21:41:26,351 [Worker-203] INFO  o.e.m.c.i.embedder.EclipseLogger - Copying 1 resource
2016-07-31 21:42:22,666 [Worker-209] WARN  o.e.m.c.i.embedder.EclipseLogger - Using platform encoding (UTF-8 actually) to copy filtered resources, i.e. build is platform dependent!
2016-07-31 21:42:22,666 [Worker-209] INFO  o.e.m.c.i.embedder.EclipseLogger - Copying 0 resource
2016-07-31 21:42:22,667 [Worker-209] WARN  o.e.m.c.i.embedder.EclipseLogger - Using platform encoding (UTF-8 actually) to copy filtered resources, i.e. build is platform dependent!
2016-07-31 21:42:22,668 [Worker-209] INFO  o.e.m.c.i.embedder.EclipseLogger - Copying 1 resource
2016-08-02 15:25:04,650 [Worker-43] WARN  o.e.m.c.i.embedder.EclipseLogger - Using platform encoding (UTF-8 actually) to copy filtered resources, i.e. build is platform dependent!
2016-08-02 15:25:04,666 [Worker-43] INFO  o.e.m.c.i.embedder.EclipseLogger - Copying 0 resource
2016-08-02 15:25:04,669 [Worker-43] WARN  o.e.m.c.i.embedder.EclipseLogger - Using platform encoding (UTF-8 actually) to copy filtered resources, i.e. build is platform dependent!
2016-08-02 15:25:04,670 [Worker-43] INFO  o.e.m.c.i.embedder.EclipseLogger - Copying 1 resource
